{"C:\\Users\\aakas\\OneDrive - Red River College Polytech\\Desktop\\rrc_polytech\\Term_3\\Back_End_Development\\Assignments\\Aakash_0405969_stocktrack-api\\src\\app.ts": {"path":"C:\\Users\\aakas\\OneDrive - Red River College Polytech\\Desktop\\rrc_polytech\\Term_3\\Back_End_Development\\Assignments\\Aakash_0405969_stocktrack-api\\src\\app.ts","statementMap":{"0":{"start":{"line":1,"column":0},"end":{"line":1,"column":33}},"1":{"start":{"line":2,"column":0},"end":{"line":2,"column":62}},"2":{"start":{"line":3,"column":0},"end":{"line":3,"column":28}},"3":{"start":{"line":4,"column":0},"end":{"line":4,"column":24}},"4":{"start":{"line":6,"column":0},"end":{"line":6,"column":46}},"5":{"start":{"line":7,"column":0},"end":{"line":7,"column":48}},"6":{"start":{"line":8,"column":0},"end":{"line":8,"column":56}},"7":{"start":{"line":9,"column":0},"end":{"line":9,"column":56}},"8":{"start":{"line":10,"column":0},"end":{"line":10,"column":45}},"9":{"start":{"line":15,"column":0},"end":{"line":15,"column":16}},"10":{"start":{"line":20,"column":21},"end":{"line":20,"column":30}},"11":{"start":{"line":25,"column":0},"end":{"line":25,"column":24}},"12":{"start":{"line":30,"column":0},"end":{"line":30,"column":16}},"13":{"start":{"line":35,"column":0},"end":{"line":35,"column":23}},"14":{"start":{"line":40,"column":0},"end":{"line":40,"column":62}},"15":{"start":{"line":46,"column":0},"end":{"line":46,"column":36}},"16":{"start":{"line":52,"column":0},"end":{"line":52,"column":39}},"17":{"start":{"line":58,"column":0},"end":{"line":58,"column":46}},"18":{"start":{"line":64,"column":0},"end":{"line":64,"column":46}},"19":{"start":{"line":69,"column":0},"end":{"line":71,"column":5}},"20":{"start":{"line":70,"column":4},"end":{"line":70,"column":42}},"21":{"start":{"line":73,"column":0},"end":{"line":73,"column":19}}},"fnMap":{"0":{"name":"(anonymous_10)","decl":{"start":{"line":69,"column":13},"end":{"line":69,"column":14}},"loc":{"start":{"line":69,"column":45},"end":{"line":71,"column":3}}}},"branchMap":{},"s":{"0":4,"1":4,"2":4,"3":4,"4":4,"5":4,"6":4,"7":4,"8":4,"9":4,"10":4,"11":4,"12":4,"13":4,"14":4,"15":4,"16":4,"17":4,"18":4,"19":4,"20":0,"21":4},"f":{"0":0},"b":{}}
,"C:\\Users\\aakas\\OneDrive - Red River College Polytech\\Desktop\\rrc_polytech\\Term_3\\Back_End_Development\\Assignments\\Aakash_0405969_stocktrack-api\\src\\swagger.ts": {"path":"C:\\Users\\aakas\\OneDrive - Red River College Polytech\\Desktop\\rrc_polytech\\Term_3\\Back_End_Development\\Assignments\\Aakash_0405969_stocktrack-api\\src\\swagger.ts","statementMap":{"0":{"start":{"line":6,"column":0},"end":{"line":6,"column":54}},"1":{"start":{"line":7,"column":0},"end":{"line":7,"column":7}},"2":{"start":{"line":30,"column":16},"end":{"line":7,"column":43}},"3":{"start":{"line":14,"column":25},"end":{"line":24,"column":2}},"4":{"start":{"line":27,"column":47},"end":{"line":27,"column":68}},"5":{"start":{"line":30,"column":9},"end":{"line":30,"column":14}}},"fnMap":{},"branchMap":{},"s":{"0":4,"1":4,"2":4,"3":4,"4":4,"5":4},"f":{},"b":{}}
,"C:\\Users\\aakas\\OneDrive - Red River College Polytech\\Desktop\\rrc_polytech\\Term_3\\Back_End_Development\\Assignments\\Aakash_0405969_stocktrack-api\\src\\api\\v1\\controllers\\analytics.controller.ts": {"path":"C:\\Users\\aakas\\OneDrive - Red River College Polytech\\Desktop\\rrc_polytech\\Term_3\\Back_End_Development\\Assignments\\Aakash_0405969_stocktrack-api\\src\\api\\v1\\controllers\\analytics.controller.ts","statementMap":{"0":{"start":{"line":2,"column":0},"end":{"line":2,"column":45}},"1":{"start":{"line":14,"column":36},"end":{"line":25,"column":2}},"2":{"start":{"line":14,"column":89},"end":{"line":25,"column":2}},"3":{"start":{"line":15,"column":2},"end":{"line":24,"column":3}},"4":{"start":{"line":16,"column":44},"end":{"line":16,"column":61}},"5":{"start":{"line":17,"column":21},"end":{"line":17,"column":67}},"6":{"start":{"line":19,"column":17},"end":{"line":19,"column":53}},"7":{"start":{"line":19,"column":42},"end":{"line":19,"column":52}},"8":{"start":{"line":21,"column":4},"end":{"line":21,"column":35}},"9":{"start":{"line":23,"column":4},"end":{"line":23,"column":77}},"10":{"start":{"line":14,"column":13},"end":{"line":14,"column":36}},"11":{"start":{"line":37,"column":33},"end":{"line":53,"column":2}},"12":{"start":{"line":37,"column":86},"end":{"line":53,"column":2}},"13":{"start":{"line":38,"column":2},"end":{"line":52,"column":3}},"14":{"start":{"line":39,"column":23},"end":{"line":39,"column":33}},"15":{"start":{"line":40,"column":44},"end":{"line":40,"column":61}},"16":{"start":{"line":42,"column":21},"end":{"line":42,"column":69}},"17":{"start":{"line":44,"column":4},"end":{"line":47,"column":5}},"18":{"start":{"line":45,"column":6},"end":{"line":45,"column":65}},"19":{"start":{"line":46,"column":6},"end":{"line":46,"column":13}},"20":{"start":{"line":49,"column":4},"end":{"line":49,"column":56}},"21":{"start":{"line":51,"column":4},"end":{"line":51,"column":74}},"22":{"start":{"line":37,"column":13},"end":{"line":37,"column":33}},"23":{"start":{"line":65,"column":28},"end":{"line":79,"column":2}},"24":{"start":{"line":65,"column":81},"end":{"line":79,"column":2}},"25":{"start":{"line":66,"column":2},"end":{"line":78,"column":3}},"26":{"start":{"line":67,"column":44},"end":{"line":67,"column":61}},"27":{"start":{"line":69,"column":24},"end":{"line":69,"column":77}},"28":{"start":{"line":70,"column":23},"end":{"line":70,"column":75}},"29":{"start":{"line":72,"column":4},"end":{"line":75,"column":7}},"30":{"start":{"line":77,"column":4},"end":{"line":77,"column":66}},"31":{"start":{"line":65,"column":13},"end":{"line":65,"column":28}},"32":{"start":{"line":91,"column":29},"end":{"line":102,"column":2}},"33":{"start":{"line":91,"column":82},"end":{"line":102,"column":2}},"34":{"start":{"line":92,"column":2},"end":{"line":101,"column":3}},"35":{"start":{"line":93,"column":44},"end":{"line":93,"column":61}},"36":{"start":{"line":94,"column":27},"end":{"line":94,"column":66}},"37":{"start":{"line":96,"column":19},"end":{"line":96,"column":61}},"38":{"start":{"line":96,"column":50},"end":{"line":96,"column":60}},"39":{"start":{"line":98,"column":4},"end":{"line":98,"column":37}},"40":{"start":{"line":100,"column":4},"end":{"line":100,"column":67}},"41":{"start":{"line":91,"column":13},"end":{"line":91,"column":29}},"42":{"start":{"line":114,"column":31},"end":{"line":130,"column":2}},"43":{"start":{"line":114,"column":84},"end":{"line":130,"column":2}},"44":{"start":{"line":115,"column":2},"end":{"line":129,"column":3}},"45":{"start":{"line":116,"column":41},"end":{"line":116,"column":49}},"46":{"start":{"line":117,"column":44},"end":{"line":117,"column":61}},"47":{"start":{"line":119,"column":19},"end":{"line":124,"column":6}},"48":{"start":{"line":126,"column":4},"end":{"line":126,"column":73}},"49":{"start":{"line":128,"column":4},"end":{"line":128,"column":66}},"50":{"start":{"line":114,"column":13},"end":{"line":114,"column":31}},"51":{"start":{"line":142,"column":34},"end":{"line":153,"column":2}},"52":{"start":{"line":142,"column":87},"end":{"line":153,"column":2}},"53":{"start":{"line":143,"column":2},"end":{"line":152,"column":3}},"54":{"start":{"line":144,"column":19},"end":{"line":144,"column":29}},"55":{"start":{"line":145,"column":44},"end":{"line":145,"column":61}},"56":{"start":{"line":147,"column":4},"end":{"line":147,"column":58}},"57":{"start":{"line":149,"column":4},"end":{"line":149,"column":62}},"58":{"start":{"line":151,"column":4},"end":{"line":151,"column":69}},"59":{"start":{"line":142,"column":13},"end":{"line":142,"column":34}}},"fnMap":{"0":{"name":"(anonymous_8)","decl":{"start":{"line":14,"column":36},"end":{"line":14,"column":43}},"loc":{"start":{"line":14,"column":89},"end":{"line":25,"column":2}}},"1":{"name":"(anonymous_9)","decl":{"start":{"line":14,"column":89},"end":{"line":14,"column":null}},"loc":{"start":{"line":14,"column":89},"end":{"line":25,"column":1}}},"2":{"name":"(anonymous_10)","decl":{"start":{"line":19,"column":35},"end":{"line":19,"column":38}},"loc":{"start":{"line":19,"column":42},"end":{"line":19,"column":52}}},"3":{"name":"(anonymous_11)","decl":{"start":{"line":37,"column":33},"end":{"line":37,"column":40}},"loc":{"start":{"line":37,"column":86},"end":{"line":53,"column":2}}},"4":{"name":"(anonymous_12)","decl":{"start":{"line":37,"column":86},"end":{"line":37,"column":null}},"loc":{"start":{"line":37,"column":86},"end":{"line":53,"column":1}}},"5":{"name":"(anonymous_13)","decl":{"start":{"line":65,"column":28},"end":{"line":65,"column":35}},"loc":{"start":{"line":65,"column":81},"end":{"line":79,"column":2}}},"6":{"name":"(anonymous_14)","decl":{"start":{"line":65,"column":81},"end":{"line":65,"column":null}},"loc":{"start":{"line":65,"column":81},"end":{"line":79,"column":1}}},"7":{"name":"(anonymous_15)","decl":{"start":{"line":91,"column":29},"end":{"line":91,"column":36}},"loc":{"start":{"line":91,"column":82},"end":{"line":102,"column":2}}},"8":{"name":"(anonymous_16)","decl":{"start":{"line":91,"column":82},"end":{"line":91,"column":null}},"loc":{"start":{"line":91,"column":82},"end":{"line":102,"column":1}}},"9":{"name":"(anonymous_17)","decl":{"start":{"line":96,"column":43},"end":{"line":96,"column":46}},"loc":{"start":{"line":96,"column":50},"end":{"line":96,"column":60}}},"10":{"name":"(anonymous_18)","decl":{"start":{"line":114,"column":31},"end":{"line":114,"column":38}},"loc":{"start":{"line":114,"column":84},"end":{"line":130,"column":2}}},"11":{"name":"(anonymous_19)","decl":{"start":{"line":114,"column":84},"end":{"line":114,"column":null}},"loc":{"start":{"line":114,"column":84},"end":{"line":130,"column":1}}},"12":{"name":"(anonymous_20)","decl":{"start":{"line":142,"column":34},"end":{"line":142,"column":41}},"loc":{"start":{"line":142,"column":87},"end":{"line":153,"column":2}}},"13":{"name":"(anonymous_21)","decl":{"start":{"line":142,"column":87},"end":{"line":142,"column":null}},"loc":{"start":{"line":142,"column":87},"end":{"line":153,"column":1}}}},"branchMap":{"0":{"loc":{"start":{"line":44,"column":4},"end":{"line":47,"column":5}},"type":"if","locations":[{"start":{"line":44,"column":4},"end":{"line":47,"column":5}}]}},"s":{"0":4,"1":4,"2":3,"3":3,"4":3,"5":3,"6":2,"7":2,"8":2,"9":1,"10":4,"11":4,"12":5,"13":5,"14":5,"15":5,"16":5,"17":4,"18":2,"19":2,"20":2,"21":1,"22":4,"23":4,"24":2,"25":2,"26":2,"27":2,"28":1,"29":1,"30":1,"31":4,"32":4,"33":4,"34":4,"35":4,"36":4,"37":2,"38":4,"39":2,"40":2,"41":4,"42":4,"43":4,"44":4,"45":4,"46":4,"47":4,"48":2,"49":2,"50":4,"51":4,"52":4,"53":4,"54":4,"55":4,"56":4,"57":2,"58":2,"59":4},"f":{"0":3,"1":3,"2":2,"3":5,"4":5,"5":2,"6":2,"7":4,"8":4,"9":4,"10":4,"11":4,"12":4,"13":4},"b":{"0":[2]}}
,"C:\\Users\\aakas\\OneDrive - Red River College Polytech\\Desktop\\rrc_polytech\\Term_3\\Back_End_Development\\Assignments\\Aakash_0405969_stocktrack-api\\src\\api\\v1\\controllers\\authController.ts": {"path":"C:\\Users\\aakas\\OneDrive - Red River College Polytech\\Desktop\\rrc_polytech\\Term_3\\Back_End_Development\\Assignments\\Aakash_0405969_stocktrack-api\\src\\api\\v1\\controllers\\authController.ts","statementMap":{"0":{"start":{"line":2,"column":0},"end":{"line":2,"column":45}},"1":{"start":{"line":3,"column":0},"end":{"line":3,"column":26}},"2":{"start":{"line":18,"column":28},"end":{"line":33,"column":2}},"3":{"start":{"line":21,"column":19},"end":{"line":33,"column":2}},"4":{"start":{"line":22,"column":30},"end":{"line":22,"column":38}},"5":{"start":{"line":23,"column":2},"end":{"line":32,"column":3}},"6":{"start":{"line":24,"column":40},"end":{"line":24,"column":90}},"7":{"start":{"line":25,"column":4},"end":{"line":25,"column":63}},"8":{"start":{"line":27,"column":4},"end":{"line":31,"column":5}},"9":{"start":{"line":28,"column":6},"end":{"line":28,"column":85}},"10":{"start":{"line":30,"column":6},"end":{"line":30,"column":87}},"11":{"start":{"line":18,"column":13},"end":{"line":18,"column":28}},"12":{"start":{"line":57,"column":25},"end":{"line":76,"column":2}},"13":{"start":{"line":60,"column":19},"end":{"line":76,"column":2}},"14":{"start":{"line":61,"column":30},"end":{"line":61,"column":38}},"15":{"start":{"line":63,"column":2},"end":{"line":75,"column":3}},"16":{"start":{"line":64,"column":52},"end":{"line":66,"column":null}},"17":{"start":{"line":68,"column":4},"end":{"line":68,"column":26}},"18":{"start":{"line":70,"column":4},"end":{"line":74,"column":5}},"19":{"start":{"line":71,"column":6},"end":{"line":71,"column":85}},"20":{"start":{"line":73,"column":6},"end":{"line":73,"column":87}},"21":{"start":{"line":57,"column":13},"end":{"line":57,"column":25}},"22":{"start":{"line":85,"column":27},"end":{"line":100,"column":2}},"23":{"start":{"line":88,"column":19},"end":{"line":100,"column":2}},"24":{"start":{"line":89,"column":24},"end":{"line":89,"column":32}},"25":{"start":{"line":90,"column":2},"end":{"line":99,"column":3}},"26":{"start":{"line":91,"column":4},"end":{"line":91,"column":58}},"27":{"start":{"line":92,"column":4},"end":{"line":92,"column":76}},"28":{"start":{"line":94,"column":4},"end":{"line":98,"column":5}},"29":{"start":{"line":95,"column":6},"end":{"line":95,"column":89}},"30":{"start":{"line":97,"column":6},"end":{"line":97,"column":91}},"31":{"start":{"line":85,"column":13},"end":{"line":85,"column":27}},"32":{"start":{"line":109,"column":25},"end":{"line":129,"column":2}},"33":{"start":{"line":112,"column":19},"end":{"line":129,"column":2}},"34":{"start":{"line":113,"column":2},"end":{"line":128,"column":3}},"35":{"start":{"line":114,"column":28},"end":{"line":114,"column":58}},"36":{"start":{"line":115,"column":18},"end":{"line":120,"column":7}},"37":{"start":{"line":115,"column":55},"end":{"line":120,"column":6}},"38":{"start":{"line":121,"column":4},"end":{"line":121,"column":36}},"39":{"start":{"line":123,"column":4},"end":{"line":127,"column":5}},"40":{"start":{"line":124,"column":6},"end":{"line":124,"column":86}},"41":{"start":{"line":126,"column":6},"end":{"line":126,"column":88}},"42":{"start":{"line":109,"column":13},"end":{"line":109,"column":25}},"43":{"start":{"line":138,"column":27},"end":{"line":158,"column":2}},"44":{"start":{"line":141,"column":19},"end":{"line":158,"column":2}},"45":{"start":{"line":142,"column":17},"end":{"line":142,"column":27}},"46":{"start":{"line":143,"column":2},"end":{"line":157,"column":3}},"47":{"start":{"line":144,"column":17},"end":{"line":144,"column":47}},"48":{"start":{"line":145,"column":4},"end":{"line":150,"column":7}},"49":{"start":{"line":152,"column":4},"end":{"line":156,"column":5}},"50":{"start":{"line":153,"column":6},"end":{"line":153,"column":80}},"51":{"start":{"line":155,"column":6},"end":{"line":155,"column":82}},"52":{"start":{"line":138,"column":13},"end":{"line":138,"column":27}}},"fnMap":{"0":{"name":"(anonymous_8)","decl":{"start":{"line":18,"column":28},"end":{"line":18,"column":null}},"loc":{"start":{"line":21,"column":19},"end":{"line":33,"column":2}}},"1":{"name":"(anonymous_9)","decl":{"start":{"line":21,"column":19},"end":{"line":21,"column":null}},"loc":{"start":{"line":21,"column":19},"end":{"line":33,"column":1}}},"2":{"name":"(anonymous_10)","decl":{"start":{"line":57,"column":25},"end":{"line":57,"column":null}},"loc":{"start":{"line":60,"column":19},"end":{"line":76,"column":2}}},"3":{"name":"(anonymous_11)","decl":{"start":{"line":60,"column":19},"end":{"line":60,"column":null}},"loc":{"start":{"line":60,"column":19},"end":{"line":76,"column":1}}},"4":{"name":"(anonymous_12)","decl":{"start":{"line":85,"column":27},"end":{"line":85,"column":null}},"loc":{"start":{"line":88,"column":19},"end":{"line":100,"column":2}}},"5":{"name":"(anonymous_13)","decl":{"start":{"line":88,"column":19},"end":{"line":88,"column":null}},"loc":{"start":{"line":88,"column":19},"end":{"line":100,"column":1}}},"6":{"name":"(anonymous_14)","decl":{"start":{"line":109,"column":25},"end":{"line":109,"column":null}},"loc":{"start":{"line":112,"column":19},"end":{"line":129,"column":2}}},"7":{"name":"(anonymous_15)","decl":{"start":{"line":112,"column":19},"end":{"line":112,"column":null}},"loc":{"start":{"line":112,"column":19},"end":{"line":129,"column":1}}},"8":{"name":"(anonymous_16)","decl":{"start":{"line":115,"column":44},"end":{"line":115,"column":45}},"loc":{"start":{"line":115,"column":55},"end":{"line":120,"column":6}}},"9":{"name":"(anonymous_17)","decl":{"start":{"line":138,"column":27},"end":{"line":138,"column":null}},"loc":{"start":{"line":141,"column":19},"end":{"line":158,"column":2}}},"10":{"name":"(anonymous_18)","decl":{"start":{"line":141,"column":19},"end":{"line":141,"column":null}},"loc":{"start":{"line":141,"column":19},"end":{"line":158,"column":1}}}},"branchMap":{"0":{"loc":{"start":{"line":27,"column":4},"end":{"line":31,"column":5}},"type":"if","locations":[{"start":{"line":27,"column":4},"end":{"line":31,"column":5}},{"start":{"line":29,"column":11},"end":{"line":31,"column":5}}]},"1":{"loc":{"start":{"line":70,"column":4},"end":{"line":74,"column":5}},"type":"if","locations":[{"start":{"line":70,"column":4},"end":{"line":74,"column":5}},{"start":{"line":72,"column":11},"end":{"line":74,"column":5}}]},"2":{"loc":{"start":{"line":94,"column":4},"end":{"line":98,"column":5}},"type":"if","locations":[{"start":{"line":94,"column":4},"end":{"line":98,"column":5}},{"start":{"line":96,"column":11},"end":{"line":98,"column":5}}]},"3":{"loc":{"start":{"line":119,"column":20},"end":{"line":119,"column":43}},"type":"binary-expr","locations":[{"start":{"line":119,"column":20},"end":{"line":119,"column":37}},{"start":{"line":119,"column":41},"end":{"line":119,"column":43}}]},"4":{"loc":{"start":{"line":123,"column":4},"end":{"line":127,"column":5}},"type":"if","locations":[{"start":{"line":123,"column":4},"end":{"line":127,"column":5}},{"start":{"line":125,"column":11},"end":{"line":127,"column":5}}]},"5":{"loc":{"start":{"line":149,"column":20},"end":{"line":149,"column":43}},"type":"binary-expr","locations":[{"start":{"line":149,"column":20},"end":{"line":149,"column":37}},{"start":{"line":149,"column":41},"end":{"line":149,"column":43}}]},"6":{"loc":{"start":{"line":152,"column":4},"end":{"line":156,"column":5}},"type":"if","locations":[{"start":{"line":152,"column":4},"end":{"line":156,"column":5}},{"start":{"line":154,"column":11},"end":{"line":156,"column":5}}]}},"s":{"0":4,"1":4,"2":4,"3":3,"4":3,"5":3,"6":3,"7":1,"8":2,"9":2,"10":0,"11":4,"12":4,"13":3,"14":3,"15":3,"16":3,"17":1,"18":2,"19":2,"20":0,"21":4,"22":4,"23":3,"24":3,"25":3,"26":3,"27":2,"28":1,"29":1,"30":0,"31":4,"32":4,"33":3,"34":3,"35":3,"36":2,"37":2,"38":2,"39":1,"40":1,"41":0,"42":4,"43":4,"44":3,"45":3,"46":3,"47":3,"48":2,"49":1,"50":1,"51":0,"52":4},"f":{"0":3,"1":3,"2":3,"3":3,"4":3,"5":3,"6":3,"7":3,"8":2,"9":3,"10":3},"b":{"0":[2,0],"1":[2,0],"2":[1,0],"3":[2,0],"4":[1,0],"5":[2,0],"6":[1,0]}}
,"C:\\Users\\aakas\\OneDrive - Red River College Polytech\\Desktop\\rrc_polytech\\Term_3\\Back_End_Development\\Assignments\\Aakash_0405969_stocktrack-api\\src\\api\\v1\\controllers\\portfolioController.ts": {"path":"C:\\Users\\aakas\\OneDrive - Red River College Polytech\\Desktop\\rrc_polytech\\Term_3\\Back_End_Development\\Assignments\\Aakash_0405969_stocktrack-api\\src\\api\\v1\\controllers\\portfolioController.ts","statementMap":{"0":{"start":{"line":2,"column":0},"end":{"line":2,"column":45}},"1":{"start":{"line":18,"column":35},"end":{"line":38,"column":2}},"2":{"start":{"line":18,"column":88},"end":{"line":38,"column":2}},"3":{"start":{"line":19,"column":2},"end":{"line":37,"column":3}},"4":{"start":{"line":20,"column":50},"end":{"line":20,"column":null}},"5":{"start":{"line":26,"column":44},"end":{"line":26,"column":61}},"6":{"start":{"line":28,"column":4},"end":{"line":32,"column":7}},"7":{"start":{"line":34,"column":4},"end":{"line":34,"column":66}},"8":{"start":{"line":36,"column":4},"end":{"line":36,"column":59}},"9":{"start":{"line":18,"column":13},"end":{"line":18,"column":35}},"10":{"start":{"line":50,"column":32},"end":{"line":64,"column":2}},"11":{"start":{"line":50,"column":85},"end":{"line":64,"column":2}},"12":{"start":{"line":51,"column":2},"end":{"line":63,"column":3}},"13":{"start":{"line":52,"column":44},"end":{"line":52,"column":61}},"14":{"start":{"line":53,"column":30},"end":{"line":53,"column":69}},"15":{"start":{"line":55,"column":22},"end":{"line":58,"column":7}},"16":{"start":{"line":55,"column":56},"end":{"line":57,"column":null}},"17":{"start":{"line":60,"column":4},"end":{"line":60,"column":40}},"18":{"start":{"line":62,"column":4},"end":{"line":62,"column":65}},"19":{"start":{"line":50,"column":13},"end":{"line":50,"column":32}},"20":{"start":{"line":76,"column":40},"end":{"line":96,"column":2}},"21":{"start":{"line":76,"column":93},"end":{"line":96,"column":2}},"22":{"start":{"line":77,"column":2},"end":{"line":95,"column":3}},"23":{"start":{"line":78,"column":23},"end":{"line":78,"column":33}},"24":{"start":{"line":79,"column":15},"end":{"line":79,"column":32}},"25":{"start":{"line":81,"column":21},"end":{"line":81,"column":90}},"26":{"start":{"line":83,"column":4},"end":{"line":86,"column":5}},"27":{"start":{"line":84,"column":6},"end":{"line":84,"column":59}},"28":{"start":{"line":85,"column":6},"end":{"line":85,"column":13}},"29":{"start":{"line":88,"column":18},"end":{"line":88,"column":28}},"30":{"start":{"line":89,"column":4},"end":{"line":89,"column":51}},"31":{"start":{"line":89,"column":28},"end":{"line":89,"column":49}},"32":{"start":{"line":90,"column":4},"end":{"line":90,"column":25}},"33":{"start":{"line":92,"column":4},"end":{"line":92,"column":70}},"34":{"start":{"line":94,"column":4},"end":{"line":94,"column":62}},"35":{"start":{"line":76,"column":13},"end":{"line":76,"column":40}},"36":{"start":{"line":105,"column":39},"end":{"line":127,"column":2}},"37":{"start":{"line":105,"column":92},"end":{"line":127,"column":2}},"38":{"start":{"line":106,"column":2},"end":{"line":126,"column":3}},"39":{"start":{"line":107,"column":15},"end":{"line":107,"column":32}},"40":{"start":{"line":108,"column":21},"end":{"line":108,"column":60}},"41":{"start":{"line":110,"column":26},"end":{"line":110,"column":27}},"42":{"start":{"line":111,"column":4},"end":{"line":114,"column":7}},"43":{"start":{"line":112,"column":19},"end":{"line":112,"column":29}},"44":{"start":{"line":113,"column":6},"end":{"line":113,"column":62}},"45":{"start":{"line":117,"column":24},"end":{"line":121,"column":6}},"46":{"start":{"line":123,"column":4},"end":{"line":123,"column":42}},"47":{"start":{"line":125,"column":4},"end":{"line":125,"column":71}},"48":{"start":{"line":105,"column":13},"end":{"line":105,"column":39}},"49":{"start":{"line":139,"column":29},"end":{"line":150,"column":2}},"50":{"start":{"line":139,"column":82},"end":{"line":150,"column":2}},"51":{"start":{"line":140,"column":2},"end":{"line":149,"column":3}},"52":{"start":{"line":141,"column":36},"end":{"line":141,"column":44}},"53":{"start":{"line":142,"column":15},"end":{"line":142,"column":32}},"54":{"start":{"line":144,"column":4},"end":{"line":144,"column":63}},"55":{"start":{"line":146,"column":4},"end":{"line":146,"column":57}},"56":{"start":{"line":148,"column":4},"end":{"line":148,"column":59}},"57":{"start":{"line":139,"column":13},"end":{"line":139,"column":29}},"58":{"start":{"line":162,"column":32},"end":{"line":173,"column":2}},"59":{"start":{"line":162,"column":85},"end":{"line":173,"column":2}},"60":{"start":{"line":163,"column":2},"end":{"line":172,"column":3}},"61":{"start":{"line":164,"column":19},"end":{"line":164,"column":29}},"62":{"start":{"line":165,"column":15},"end":{"line":165,"column":32}},"63":{"start":{"line":167,"column":4},"end":{"line":167,"column":51}},"64":{"start":{"line":169,"column":4},"end":{"line":169,"column":61}},"65":{"start":{"line":171,"column":4},"end":{"line":171,"column":62}},"66":{"start":{"line":162,"column":13},"end":{"line":162,"column":32}}},"fnMap":{"0":{"name":"(anonymous_8)","decl":{"start":{"line":18,"column":35},"end":{"line":18,"column":42}},"loc":{"start":{"line":18,"column":88},"end":{"line":38,"column":2}}},"1":{"name":"(anonymous_9)","decl":{"start":{"line":18,"column":88},"end":{"line":18,"column":null}},"loc":{"start":{"line":18,"column":88},"end":{"line":38,"column":1}}},"2":{"name":"(anonymous_10)","decl":{"start":{"line":50,"column":32},"end":{"line":50,"column":39}},"loc":{"start":{"line":50,"column":85},"end":{"line":64,"column":2}}},"3":{"name":"(anonymous_11)","decl":{"start":{"line":50,"column":85},"end":{"line":50,"column":null}},"loc":{"start":{"line":50,"column":85},"end":{"line":64,"column":1}}},"4":{"name":"(anonymous_12)","decl":{"start":{"line":55,"column":49},"end":{"line":55,"column":52}},"loc":{"start":{"line":55,"column":56},"end":{"line":57,"column":null}}},"5":{"name":"(anonymous_13)","decl":{"start":{"line":76,"column":40},"end":{"line":76,"column":47}},"loc":{"start":{"line":76,"column":93},"end":{"line":96,"column":2}}},"6":{"name":"(anonymous_14)","decl":{"start":{"line":76,"column":93},"end":{"line":76,"column":null}},"loc":{"start":{"line":76,"column":93},"end":{"line":96,"column":1}}},"7":{"name":"(anonymous_15)","decl":{"start":{"line":89,"column":21},"end":{"line":89,"column":24}},"loc":{"start":{"line":89,"column":28},"end":{"line":89,"column":49}}},"8":{"name":"(anonymous_16)","decl":{"start":{"line":105,"column":39},"end":{"line":105,"column":46}},"loc":{"start":{"line":105,"column":92},"end":{"line":127,"column":2}}},"9":{"name":"(anonymous_17)","decl":{"start":{"line":105,"column":92},"end":{"line":105,"column":null}},"loc":{"start":{"line":105,"column":92},"end":{"line":127,"column":1}}},"10":{"name":"(anonymous_18)","decl":{"start":{"line":111,"column":21},"end":{"line":111,"column":24}},"loc":{"start":{"line":111,"column":27},"end":{"line":114,"column":5}}},"11":{"name":"(anonymous_19)","decl":{"start":{"line":139,"column":29},"end":{"line":139,"column":36}},"loc":{"start":{"line":139,"column":82},"end":{"line":150,"column":2}}},"12":{"name":"(anonymous_20)","decl":{"start":{"line":139,"column":82},"end":{"line":139,"column":null}},"loc":{"start":{"line":139,"column":82},"end":{"line":150,"column":1}}},"13":{"name":"(anonymous_21)","decl":{"start":{"line":162,"column":32},"end":{"line":162,"column":39}},"loc":{"start":{"line":162,"column":85},"end":{"line":173,"column":2}}},"14":{"name":"(anonymous_22)","decl":{"start":{"line":162,"column":85},"end":{"line":162,"column":null}},"loc":{"start":{"line":162,"column":85},"end":{"line":173,"column":1}}}},"branchMap":{"0":{"loc":{"start":{"line":83,"column":4},"end":{"line":86,"column":5}},"type":"if","locations":[{"start":{"line":83,"column":4},"end":{"line":86,"column":5}}]}},"s":{"0":4,"1":4,"2":5,"3":5,"4":5,"5":5,"6":5,"7":1,"8":4,"9":4,"10":4,"11":4,"12":4,"13":4,"14":4,"15":2,"16":2,"17":2,"18":2,"19":4,"20":4,"21":3,"22":3,"23":3,"24":3,"25":3,"26":1,"27":1,"28":1,"29":0,"30":0,"31":0,"32":0,"33":0,"34":2,"35":4,"36":4,"37":2,"38":2,"39":2,"40":2,"41":1,"42":1,"43":2,"44":2,"45":1,"46":1,"47":1,"48":4,"49":4,"50":3,"51":3,"52":3,"53":3,"54":3,"55":1,"56":2,"57":4,"58":4,"59":3,"60":3,"61":3,"62":3,"63":3,"64":2,"65":1,"66":4},"f":{"0":5,"1":5,"2":4,"3":4,"4":2,"5":3,"6":3,"7":0,"8":2,"9":2,"10":2,"11":3,"12":3,"13":3,"14":3},"b":{"0":[1]}}
,"C:\\Users\\aakas\\OneDrive - Red River College Polytech\\Desktop\\rrc_polytech\\Term_3\\Back_End_Development\\Assignments\\Aakash_0405969_stocktrack-api\\src\\api\\v1\\controllers\\stockController.ts": {"path":"C:\\Users\\aakas\\OneDrive - Red River College Polytech\\Desktop\\rrc_polytech\\Term_3\\Back_End_Development\\Assignments\\Aakash_0405969_stocktrack-api\\src\\api\\v1\\controllers\\stockController.ts","statementMap":{"0":{"start":{"line":10,"column":28},"end":{"line":25,"column":1}},"1":{"start":{"line":11,"column":21},"end":{"line":11,"column":31}},"2":{"start":{"line":13,"column":2},"end":{"line":24,"column":3}},"3":{"start":{"line":14,"column":30},"end":{"line":14,"column":69}},"4":{"start":{"line":16,"column":4},"end":{"line":21,"column":7}},"5":{"start":{"line":23,"column":4},"end":{"line":23,"column":66}},"6":{"start":{"line":10,"column":13},"end":{"line":10,"column":28}},"7":{"start":{"line":34,"column":31},"end":{"line":55,"column":1}},"8":{"start":{"line":35,"column":21},"end":{"line":35,"column":31}},"9":{"start":{"line":37,"column":2},"end":{"line":54,"column":3}},"10":{"start":{"line":38,"column":4},"end":{"line":40,"column":5}},"11":{"start":{"line":39,"column":6},"end":{"line":39,"column":41}},"12":{"start":{"line":42,"column":59},"end":{"line":46,"column":6}},"13":{"start":{"line":48,"column":4},"end":{"line":51,"column":7}},"14":{"start":{"line":53,"column":4},"end":{"line":53,"column":69}},"15":{"start":{"line":34,"column":13},"end":{"line":34,"column":31}},"16":{"start":{"line":64,"column":28},"end":{"line":94,"column":1}},"17":{"start":{"line":65,"column":21},"end":{"line":65,"column":31}},"18":{"start":{"line":67,"column":2},"end":{"line":93,"column":3}},"19":{"start":{"line":68,"column":4},"end":{"line":70,"column":5}},"20":{"start":{"line":69,"column":6},"end":{"line":69,"column":41}},"21":{"start":{"line":72,"column":85},"end":{"line":85,"column":6}},"22":{"start":{"line":87,"column":4},"end":{"line":90,"column":7}},"23":{"start":{"line":92,"column":4},"end":{"line":92,"column":66}},"24":{"start":{"line":64,"column":13},"end":{"line":64,"column":28}},"25":{"start":{"line":100,"column":31},"end":{"line":112,"column":1}},"26":{"start":{"line":101,"column":2},"end":{"line":111,"column":3}},"27":{"start":{"line":102,"column":23},"end":{"line":106,"column":6}},"28":{"start":{"line":108,"column":4},"end":{"line":108,"column":49}},"29":{"start":{"line":110,"column":4},"end":{"line":110,"column":69}},"30":{"start":{"line":100,"column":13},"end":{"line":100,"column":31}},"31":{"start":{"line":118,"column":28},"end":{"line":139,"column":1}},"32":{"start":{"line":119,"column":16},"end":{"line":119,"column":53}},"33":{"start":{"line":121,"column":2},"end":{"line":138,"column":3}},"34":{"start":{"line":122,"column":23},"end":{"line":127,"column":6}},"35":{"start":{"line":129,"column":20},"end":{"line":132,"column":null}},"36":{"start":{"line":131,"column":8},"end":{"line":132,"column":54}},"37":{"start":{"line":135,"column":4},"end":{"line":135,"column":38}},"38":{"start":{"line":137,"column":4},"end":{"line":137,"column":63}},"39":{"start":{"line":118,"column":13},"end":{"line":118,"column":28}},"40":{"start":{"line":145,"column":33},"end":{"line":160,"column":1}},"41":{"start":{"line":146,"column":21},"end":{"line":146,"column":31}},"42":{"start":{"line":148,"column":2},"end":{"line":159,"column":3}},"43":{"start":{"line":149,"column":26},"end":{"line":154,"column":6}},"44":{"start":{"line":156,"column":4},"end":{"line":156,"column":40}},"45":{"start":{"line":158,"column":4},"end":{"line":158,"column":67}},"46":{"start":{"line":145,"column":13},"end":{"line":145,"column":33}},"47":{"start":{"line":166,"column":29},"end":{"line":184,"column":1}},"48":{"start":{"line":167,"column":21},"end":{"line":167,"column":31}},"49":{"start":{"line":168,"column":26},"end":{"line":168,"column":34}},"50":{"start":{"line":170,"column":2},"end":{"line":183,"column":3}},"51":{"start":{"line":171,"column":4},"end":{"line":173,"column":5}},"52":{"start":{"line":172,"column":6},"end":{"line":172,"column":65}},"53":{"start":{"line":175,"column":24},"end":{"line":175,"column":55}},"54":{"start":{"line":177,"column":4},"end":{"line":180,"column":7}},"55":{"start":{"line":182,"column":4},"end":{"line":182,"column":65}},"56":{"start":{"line":166,"column":13},"end":{"line":166,"column":29}}},"fnMap":{"0":{"name":"(anonymous_0)","decl":{"start":{"line":10,"column":28},"end":{"line":10,"column":29}},"loc":{"start":{"line":10,"column":86},"end":{"line":25,"column":1}}},"1":{"name":"(anonymous_1)","decl":{"start":{"line":34,"column":31},"end":{"line":34,"column":32}},"loc":{"start":{"line":34,"column":89},"end":{"line":55,"column":1}}},"2":{"name":"(anonymous_2)","decl":{"start":{"line":64,"column":28},"end":{"line":64,"column":29}},"loc":{"start":{"line":64,"column":86},"end":{"line":94,"column":1}}},"3":{"name":"(anonymous_3)","decl":{"start":{"line":100,"column":31},"end":{"line":100,"column":32}},"loc":{"start":{"line":100,"column":70},"end":{"line":112,"column":1}}},"4":{"name":"(anonymous_4)","decl":{"start":{"line":118,"column":28},"end":{"line":118,"column":29}},"loc":{"start":{"line":118,"column":66},"end":{"line":139,"column":1}}},"5":{"name":"(anonymous_5)","decl":{"start":{"line":130,"column":6},"end":{"line":130,"column":11}},"loc":{"start":{"line":131,"column":8},"end":{"line":132,"column":54}}},"6":{"name":"(anonymous_6)","decl":{"start":{"line":145,"column":33},"end":{"line":145,"column":34}},"loc":{"start":{"line":145,"column":91},"end":{"line":160,"column":1}}},"7":{"name":"(anonymous_7)","decl":{"start":{"line":166,"column":29},"end":{"line":166,"column":30}},"loc":{"start":{"line":166,"column":87},"end":{"line":184,"column":1}}}},"branchMap":{"0":{"loc":{"start":{"line":38,"column":4},"end":{"line":40,"column":5}},"type":"if","locations":[{"start":{"line":38,"column":4},"end":{"line":40,"column":5}}]},"1":{"loc":{"start":{"line":68,"column":4},"end":{"line":70,"column":5}},"type":"if","locations":[{"start":{"line":68,"column":4},"end":{"line":70,"column":5}}]},"2":{"loc":{"start":{"line":119,"column":16},"end":{"line":119,"column":53}},"type":"cond-expr","locations":[{"start":{"line":119,"column":27},"end":{"line":119,"column":29}},{"start":{"line":119,"column":27},"end":{"line":119,"column":53}}]},"3":{"loc":{"start":{"line":119,"column":16},"end":{"line":119,"column":29}},"type":"binary-expr","locations":[{"start":{"line":119,"column":16},"end":{"line":119,"column":29}},{"start":{"line":119,"column":27},"end":{"line":119,"column":29}}]},"4":{"loc":{"start":{"line":131,"column":8},"end":{"line":132,"column":54}},"type":"binary-expr","locations":[{"start":{"line":131,"column":8},"end":{"line":131,"column":56}},{"start":{"line":132,"column":8},"end":{"line":132,"column":54}}]},"5":{"loc":{"start":{"line":131,"column":44},"end":{"line":131,"column":55}},"type":"binary-expr","locations":[{"start":{"line":131,"column":44},"end":{"line":131,"column":49}},{"start":{"line":131,"column":53},"end":{"line":131,"column":55}}]},"6":{"loc":{"start":{"line":132,"column":42},"end":{"line":132,"column":53}},"type":"binary-expr","locations":[{"start":{"line":132,"column":42},"end":{"line":132,"column":47}},{"start":{"line":132,"column":51},"end":{"line":132,"column":53}}]},"7":{"loc":{"start":{"line":171,"column":4},"end":{"line":173,"column":5}},"type":"if","locations":[{"start":{"line":171,"column":4},"end":{"line":173,"column":5}}]}},"s":{"0":4,"1":3,"2":3,"3":3,"4":2,"5":1,"6":4,"7":4,"8":4,"9":4,"10":4,"11":2,"12":2,"13":2,"14":2,"15":4,"16":4,"17":4,"18":4,"19":4,"20":2,"21":2,"22":2,"23":2,"24":4,"25":4,"26":2,"27":2,"28":2,"29":0,"30":4,"31":4,"32":3,"33":3,"34":3,"35":3,"36":8,"37":2,"38":1,"39":4,"40":4,"41":3,"42":3,"43":3,"44":2,"45":1,"46":4,"47":4,"48":3,"49":3,"50":3,"51":3,"52":1,"53":3,"54":2,"55":1,"56":4},"f":{"0":3,"1":4,"2":4,"3":2,"4":3,"5":8,"6":3,"7":3},"b":{"0":[2],"1":[2],"2":[0,3],"3":[3,3],"4":[8,8],"5":[8,0],"6":[8,0],"7":[1]}}
,"C:\\Users\\aakas\\OneDrive - Red River College Polytech\\Desktop\\rrc_polytech\\Term_3\\Back_End_Development\\Assignments\\Aakash_0405969_stocktrack-api\\src\\api\\v1\\routes\\analytics.ts": {"path":"C:\\Users\\aakas\\OneDrive - Red River College Polytech\\Desktop\\rrc_polytech\\Term_3\\Back_End_Development\\Assignments\\Aakash_0405969_stocktrack-api\\src\\api\\v1\\routes\\analytics.ts","statementMap":{"0":{"start":{"line":1,"column":0},"end":{"line":1,"column":33}},"1":{"start":{"line":2,"column":0},"end":{"line":2,"column":159}},"2":{"start":{"line":3,"column":0},"end":{"line":3,"column":54}},"3":{"start":{"line":5,"column":23},"end":{"line":5,"column":31}},"4":{"start":{"line":51,"column":0},"end":{"line":51,"column":69}},"5":{"start":{"line":106,"column":0},"end":{"line":106,"column":74}},"6":{"start":{"line":156,"column":0},"end":{"line":156,"column":65}},"7":{"start":{"line":192,"column":0},"end":{"line":192,"column":65}},"8":{"start":{"line":230,"column":0},"end":{"line":230,"column":73}},"9":{"start":{"line":257,"column":0},"end":{"line":257,"column":82}},"10":{"start":{"line":259,"column":0},"end":{"line":259,"column":22}}},"fnMap":{},"branchMap":{},"s":{"0":4,"1":4,"2":4,"3":4,"4":4,"5":4,"6":4,"7":4,"8":4,"9":4,"10":4},"f":{},"b":{}}
,"C:\\Users\\aakas\\OneDrive - Red River College Polytech\\Desktop\\rrc_polytech\\Term_3\\Back_End_Development\\Assignments\\Aakash_0405969_stocktrack-api\\src\\api\\v1\\routes\\auth.ts": {"path":"C:\\Users\\aakas\\OneDrive - Red River College Polytech\\Desktop\\rrc_polytech\\Term_3\\Back_End_Development\\Assignments\\Aakash_0405969_stocktrack-api\\src\\api\\v1\\routes\\auth.ts","statementMap":{"0":{"start":{"line":1,"column":0},"end":{"line":1,"column":33}},"1":{"start":{"line":2,"column":0},"end":{"line":2,"column":109}},"2":{"start":{"line":3,"column":0},"end":{"line":3,"column":73}},"3":{"start":{"line":5,"column":23},"end":{"line":5,"column":31}},"4":{"start":{"line":66,"column":0},"end":{"line":66,"column":39}},"5":{"start":{"line":117,"column":0},"end":{"line":117,"column":33}},"6":{"start":{"line":155,"column":0},"end":{"line":155,"column":61}},"7":{"start":{"line":176,"column":0},"end":{"line":176,"column":55}},"8":{"start":{"line":204,"column":0},"end":{"line":204,"column":57}},"9":{"start":{"line":205,"column":0},"end":{"line":205,"column":22}}},"fnMap":{},"branchMap":{},"s":{"0":4,"1":4,"2":4,"3":4,"4":4,"5":4,"6":4,"7":4,"8":4,"9":4},"f":{},"b":{}}
,"C:\\Users\\aakas\\OneDrive - Red River College Polytech\\Desktop\\rrc_polytech\\Term_3\\Back_End_Development\\Assignments\\Aakash_0405969_stocktrack-api\\src\\api\\v1\\routes\\portfolio.ts": {"path":"C:\\Users\\aakas\\OneDrive - Red River College Polytech\\Desktop\\rrc_polytech\\Term_3\\Back_End_Development\\Assignments\\Aakash_0405969_stocktrack-api\\src\\api\\v1\\routes\\portfolio.ts","statementMap":{"0":{"start":{"line":1,"column":0},"end":{"line":1,"column":33}},"1":{"start":{"line":2,"column":0},"end":{"line":2,"column":175}},"2":{"start":{"line":3,"column":0},"end":{"line":3,"column":53}},"3":{"start":{"line":5,"column":23},"end":{"line":5,"column":31}},"4":{"start":{"line":61,"column":0},"end":{"line":61,"column":73}},"5":{"start":{"line":78,"column":0},"end":{"line":78,"column":60}},"6":{"start":{"line":103,"column":0},"end":{"line":103,"column":85}},"7":{"start":{"line":120,"column":0},"end":{"line":120,"column":78}},"8":{"start":{"line":153,"column":0},"end":{"line":153,"column":64}},"9":{"start":{"line":176,"column":0},"end":{"line":176,"column":73}},"10":{"start":{"line":178,"column":0},"end":{"line":178,"column":22}}},"fnMap":{},"branchMap":{},"s":{"0":4,"1":4,"2":4,"3":4,"4":4,"5":4,"6":4,"7":4,"8":4,"9":4,"10":4},"f":{},"b":{}}
,"C:\\Users\\aakas\\OneDrive - Red River College Polytech\\Desktop\\rrc_polytech\\Term_3\\Back_End_Development\\Assignments\\Aakash_0405969_stocktrack-api\\src\\api\\v1\\routes\\stock.ts": {"path":"C:\\Users\\aakas\\OneDrive - Red River College Polytech\\Desktop\\rrc_polytech\\Term_3\\Back_End_Development\\Assignments\\Aakash_0405969_stocktrack-api\\src\\api\\v1\\routes\\stock.ts","statementMap":{"0":{"start":{"line":1,"column":0},"end":{"line":1,"column":33}},"1":{"start":{"line":2,"column":0},"end":{"line":2,"column":159}},"2":{"start":{"line":3,"column":0},"end":{"line":3,"column":53}},"3":{"start":{"line":5,"column":23},"end":{"line":5,"column":31}},"4":{"start":{"line":57,"column":0},"end":{"line":57,"column":48}},"5":{"start":{"line":113,"column":0},"end":{"line":113,"column":42}},"6":{"start":{"line":155,"column":0},"end":{"line":155,"column":46}},"7":{"start":{"line":193,"column":0},"end":{"line":193,"column":36}},"8":{"start":{"line":242,"column":0},"end":{"line":242,"column":52}},"9":{"start":{"line":296,"column":0},"end":{"line":296,"column":72}},"10":{"start":{"line":346,"column":0},"end":{"line":346,"column":37}},"11":{"start":{"line":348,"column":0},"end":{"line":348,"column":22}}},"fnMap":{},"branchMap":{},"s":{"0":4,"1":4,"2":4,"3":4,"4":4,"5":4,"6":4,"7":4,"8":4,"9":4,"10":4,"11":4},"f":{},"b":{}}
,"C:\\Users\\aakas\\OneDrive - Red River College Polytech\\Desktop\\rrc_polytech\\Term_3\\Back_End_Development\\Assignments\\Aakash_0405969_stocktrack-api\\src\\config\\firebase.ts": {"path":"C:\\Users\\aakas\\OneDrive - Red River College Polytech\\Desktop\\rrc_polytech\\Term_3\\Back_End_Development\\Assignments\\Aakash_0405969_stocktrack-api\\src\\config\\firebase.ts","statementMap":{"0":{"start":{"line":8,"column":0},"end":{"line":8,"column":33}},"1":{"start":{"line":9,"column":0},"end":{"line":9,"column":35}},"2":{"start":{"line":12,"column":0},"end":{"line":12,"column":20}},"3":{"start":{"line":15,"column":0},"end":{"line":15,"column":16}},"4":{"start":{"line":26,"column":0},"end":{"line":49,"column":1}},"5":{"start":{"line":27,"column":2},"end":{"line":38,"column":3}},"6":{"start":{"line":28,"column":28},"end":{"line":28,"column":80}},"7":{"start":{"line":29,"column":4},"end":{"line":33,"column":5}},"8":{"start":{"line":30,"column":6},"end":{"line":30,"column":48}},"9":{"start":{"line":32,"column":6},"end":{"line":32,"column":70}},"10":{"start":{"line":36,"column":6},"end":{"line":36,"column":60}},"11":{"start":{"line":37,"column":4},"end":{"line":37,"column":80}},"12":{"start":{"line":40,"column":23},"end":{"line":40,"column":70}},"13":{"start":{"line":41,"column":25},"end":{"line":41,"column":55}},"14":{"start":{"line":42,"column":29},"end":{"line":42,"column":47}},"15":{"start":{"line":44,"column":2},"end":{"line":48,"column":3}},"16":{"start":{"line":45,"column":4},"end":{"line":45,"column":49}},"17":{"start":{"line":47,"column":4},"end":{"line":47,"column":64}},"18":{"start":{"line":54,"column":0},"end":{"line":56,"column":3}},"19":{"start":{"line":63,"column":13},"end":{"line":63,"column":47}},"20":{"start":{"line":69,"column":0},"end":{"line":69,"column":21}}},"fnMap":{},"branchMap":{"0":{"loc":{"start":{"line":26,"column":0},"end":{"line":49,"column":1}},"type":"if","locations":[{"start":{"line":26,"column":0},"end":{"line":49,"column":1}},{"start":{"line":39,"column":7},"end":{"line":49,"column":1}}]},"1":{"loc":{"start":{"line":29,"column":4},"end":{"line":33,"column":5}},"type":"if","locations":[{"start":{"line":29,"column":4},"end":{"line":33,"column":5}},{"start":{"line":31,"column":11},"end":{"line":33,"column":5}}]},"2":{"loc":{"start":{"line":29,"column":8},"end":{"line":29,"column":53}},"type":"binary-expr","locations":[{"start":{"line":29,"column":8},"end":{"line":29,"column":34}},{"start":{"line":29,"column":38},"end":{"line":29,"column":53}}]},"3":{"loc":{"start":{"line":36,"column":6},"end":{"line":36,"column":60}},"type":"cond-expr","locations":[{"start":{"line":36,"column":31},"end":{"line":36,"column":44}},{"start":{"line":36,"column":47},"end":{"line":36,"column":60}}]},"4":{"loc":{"start":{"line":44,"column":2},"end":{"line":48,"column":3}},"type":"if","locations":[{"start":{"line":44,"column":2},"end":{"line":48,"column":3}},{"start":{"line":46,"column":9},"end":{"line":48,"column":3}}]},"5":{"loc":{"start":{"line":44,"column":6},"end":{"line":44,"column":57}},"type":"binary-expr","locations":[{"start":{"line":44,"column":6},"end":{"line":44,"column":35}},{"start":{"line":44,"column":39},"end":{"line":44,"column":57}}]}},"s":{"0":1,"1":1,"2":1,"3":1,"4":1,"5":0,"6":0,"7":0,"8":0,"9":0,"10":0,"11":0,"12":1,"13":1,"14":1,"15":1,"16":1,"17":0,"18":1,"19":1,"20":1},"f":{},"b":{"0":[0,1],"1":[0,0],"2":[0,0],"3":[0,0],"4":[1,0],"5":[1,1]}}
,"C:\\Users\\aakas\\OneDrive - Red River College Polytech\\Desktop\\rrc_polytech\\Term_3\\Back_End_Development\\Assignments\\Aakash_0405969_stocktrack-api\\src\\middleware\\auth.ts": {"path":"C:\\Users\\aakas\\OneDrive - Red River College Polytech\\Desktop\\rrc_polytech\\Term_3\\Back_End_Development\\Assignments\\Aakash_0405969_stocktrack-api\\src\\middleware\\auth.ts","statementMap":{"0":{"start":{"line":2,"column":0},"end":{"line":2,"column":39}},"1":{"start":{"line":27,"column":26},"end":{"line":52,"column":2}},"2":{"start":{"line":27,"column":54},"end":{"line":52,"column":2}},"3":{"start":{"line":31,"column":19},"end":{"line":52,"column":2}},"4":{"start":{"line":32,"column":36},"end":{"line":32,"column":82}},"5":{"start":{"line":33,"column":2},"end":{"line":36,"column":3}},"6":{"start":{"line":34,"column":4},"end":{"line":34,"column":53}},"7":{"start":{"line":35,"column":4},"end":{"line":35,"column":11}},"8":{"start":{"line":38,"column":2},"end":{"line":51,"column":3}},"9":{"start":{"line":39,"column":47},"end":{"line":39,"column":86}},"10":{"start":{"line":40,"column":21},"end":{"line":40,"column":73}},"11":{"start":{"line":42,"column":4},"end":{"line":45,"column":5}},"12":{"start":{"line":43,"column":6},"end":{"line":43,"column":70}},"13":{"start":{"line":44,"column":6},"end":{"line":44,"column":13}},"14":{"start":{"line":47,"column":4},"end":{"line":47,"column":23}},"15":{"start":{"line":48,"column":4},"end":{"line":48,"column":11}},"16":{"start":{"line":50,"column":4},"end":{"line":50,"column":53}},"17":{"start":{"line":27,"column":13},"end":{"line":27,"column":26}},"18":{"start":{"line":61,"column":33},"end":{"line":87,"column":2}},"19":{"start":{"line":65,"column":19},"end":{"line":87,"column":2}},"20":{"start":{"line":66,"column":36},"end":{"line":66,"column":82}},"21":{"start":{"line":67,"column":2},"end":{"line":70,"column":3}},"22":{"start":{"line":68,"column":4},"end":{"line":68,"column":53}},"23":{"start":{"line":69,"column":4},"end":{"line":69,"column":11}},"24":{"start":{"line":72,"column":2},"end":{"line":86,"column":3}},"25":{"start":{"line":73,"column":47},"end":{"line":73,"column":86}},"26":{"start":{"line":74,"column":21},"end":{"line":74,"column":73}},"27":{"start":{"line":75,"column":19},"end":{"line":75,"column":32}},"28":{"start":{"line":77,"column":4},"end":{"line":80,"column":5}},"29":{"start":{"line":78,"column":6},"end":{"line":78,"column":71}},"30":{"start":{"line":79,"column":6},"end":{"line":79,"column":13}},"31":{"start":{"line":82,"column":4},"end":{"line":82,"column":23}},"32":{"start":{"line":83,"column":4},"end":{"line":83,"column":11}},"33":{"start":{"line":85,"column":4},"end":{"line":85,"column":53}},"34":{"start":{"line":61,"column":13},"end":{"line":61,"column":33}}},"fnMap":{"0":{"name":"(anonymous_8)","decl":{"start":{"line":27,"column":26},"end":{"line":27,"column":27}},"loc":{"start":{"line":27,"column":54},"end":{"line":52,"column":2}}},"1":{"name":"(anonymous_9)","decl":{"start":{"line":27,"column":54},"end":{"line":27,"column":null}},"loc":{"start":{"line":31,"column":19},"end":{"line":52,"column":2}}},"2":{"name":"(anonymous_10)","decl":{"start":{"line":31,"column":19},"end":{"line":31,"column":null}},"loc":{"start":{"line":31,"column":19},"end":{"line":52,"column":1}}},"3":{"name":"(anonymous_11)","decl":{"start":{"line":61,"column":33},"end":{"line":61,"column":null}},"loc":{"start":{"line":65,"column":19},"end":{"line":87,"column":2}}},"4":{"name":"(anonymous_12)","decl":{"start":{"line":65,"column":19},"end":{"line":65,"column":null}},"loc":{"start":{"line":65,"column":19},"end":{"line":87,"column":1}}}},"branchMap":{"0":{"loc":{"start":{"line":32,"column":36},"end":{"line":32,"column":82}},"type":"cond-expr","locations":[{"start":{"line":32,"column":61},"end":{"line":32,"column":63}},{"start":{"line":32,"column":61},"end":{"line":32,"column":82}}]},"1":{"loc":{"start":{"line":32,"column":36},"end":{"line":32,"column":63}},"type":"binary-expr","locations":[{"start":{"line":32,"column":36},"end":{"line":32,"column":63}},{"start":{"line":32,"column":61},"end":{"line":32,"column":63}}]},"2":{"loc":{"start":{"line":33,"column":2},"end":{"line":36,"column":3}},"type":"if","locations":[{"start":{"line":33,"column":2},"end":{"line":36,"column":3}}]},"3":{"loc":{"start":{"line":40,"column":21},"end":{"line":40,"column":73}},"type":"binary-expr","locations":[{"start":{"line":40,"column":21},"end":{"line":40,"column":33}},{"start":{"line":40,"column":37},"end":{"line":40,"column":72}}]},"4":{"loc":{"start":{"line":40,"column":37},"end":{"line":40,"column":72}},"type":"cond-expr","locations":[{"start":{"line":40,"column":66},"end":{"line":40,"column":68}},{"start":{"line":40,"column":66},"end":{"line":40,"column":72}}]},"5":{"loc":{"start":{"line":40,"column":37},"end":{"line":40,"column":68}},"type":"binary-expr","locations":[{"start":{"line":40,"column":37},"end":{"line":40,"column":68}},{"start":{"line":40,"column":66},"end":{"line":40,"column":68}}]},"6":{"loc":{"start":{"line":42,"column":4},"end":{"line":45,"column":5}},"type":"if","locations":[{"start":{"line":42,"column":4},"end":{"line":45,"column":5}}]},"7":{"loc":{"start":{"line":42,"column":8},"end":{"line":42,"column":53}},"type":"binary-expr","locations":[{"start":{"line":42,"column":8},"end":{"line":42,"column":17}},{"start":{"line":42,"column":21},"end":{"line":42,"column":53}}]},"8":{"loc":{"start":{"line":66,"column":36},"end":{"line":66,"column":82}},"type":"cond-expr","locations":[{"start":{"line":66,"column":61},"end":{"line":66,"column":63}},{"start":{"line":66,"column":61},"end":{"line":66,"column":82}}]},"9":{"loc":{"start":{"line":66,"column":36},"end":{"line":66,"column":63}},"type":"binary-expr","locations":[{"start":{"line":66,"column":36},"end":{"line":66,"column":63}},{"start":{"line":66,"column":61},"end":{"line":66,"column":63}}]},"10":{"loc":{"start":{"line":67,"column":2},"end":{"line":70,"column":3}},"type":"if","locations":[{"start":{"line":67,"column":2},"end":{"line":70,"column":3}}]},"11":{"loc":{"start":{"line":74,"column":21},"end":{"line":74,"column":73}},"type":"binary-expr","locations":[{"start":{"line":74,"column":21},"end":{"line":74,"column":33}},{"start":{"line":74,"column":37},"end":{"line":74,"column":72}}]},"12":{"loc":{"start":{"line":74,"column":37},"end":{"line":74,"column":72}},"type":"cond-expr","locations":[{"start":{"line":74,"column":66},"end":{"line":74,"column":68}},{"start":{"line":74,"column":66},"end":{"line":74,"column":72}}]},"13":{"loc":{"start":{"line":74,"column":37},"end":{"line":74,"column":68}},"type":"binary-expr","locations":[{"start":{"line":74,"column":37},"end":{"line":74,"column":68}},{"start":{"line":74,"column":66},"end":{"line":74,"column":68}}]},"14":{"loc":{"start":{"line":77,"column":4},"end":{"line":80,"column":5}},"type":"if","locations":[{"start":{"line":77,"column":4},"end":{"line":80,"column":5}}]},"15":{"loc":{"start":{"line":77,"column":8},"end":{"line":77,"column":54}},"type":"binary-expr","locations":[{"start":{"line":77,"column":8},"end":{"line":77,"column":30}},{"start":{"line":77,"column":34},"end":{"line":77,"column":54}}]}},"s":{"0":5,"1":5,"2":63,"3":27,"4":27,"5":27,"6":2,"7":2,"8":25,"9":25,"10":24,"11":24,"12":2,"13":2,"14":22,"15":22,"16":1,"17":5,"18":5,"19":1,"20":1,"21":1,"22":0,"23":0,"24":1,"25":1,"26":1,"27":1,"28":1,"29":0,"30":0,"31":1,"32":1,"33":0,"34":5},"f":{"0":63,"1":27,"2":27,"3":1,"4":1},"b":{"0":[2,25],"1":[27,27],"2":[2],"3":[24,0],"4":[0,0],"5":[0,0],"6":[2],"7":[24,24],"8":[0,1],"9":[1,1],"10":[0],"11":[1,0],"12":[0,0],"13":[0,0],"14":[0],"15":[1,1]}}
}
