{"C:\\Users\\aakas\\OneDrive - Red River College Polytech\\Desktop\\rrc_polytech\\Term_3\\Back_End_Development\\Assignments\\Aakash_0405969_stocktrack-api\\src\\app.ts": {"path":"C:\\Users\\aakas\\OneDrive - Red River College Polytech\\Desktop\\rrc_polytech\\Term_3\\Back_End_Development\\Assignments\\Aakash_0405969_stocktrack-api\\src\\app.ts","statementMap":{"0":{"start":{"line":1,"column":0},"end":{"line":1,"column":33}},"1":{"start":{"line":2,"column":0},"end":{"line":2,"column":62}},"2":{"start":{"line":3,"column":0},"end":{"line":3,"column":28}},"3":{"start":{"line":4,"column":0},"end":{"line":4,"column":24}},"4":{"start":{"line":6,"column":0},"end":{"line":6,"column":46}},"5":{"start":{"line":7,"column":0},"end":{"line":7,"column":48}},"6":{"start":{"line":8,"column":0},"end":{"line":8,"column":56}},"7":{"start":{"line":9,"column":0},"end":{"line":9,"column":45}},"8":{"start":{"line":14,"column":0},"end":{"line":14,"column":16}},"9":{"start":{"line":19,"column":21},"end":{"line":19,"column":30}},"10":{"start":{"line":24,"column":0},"end":{"line":24,"column":24}},"11":{"start":{"line":29,"column":0},"end":{"line":29,"column":16}},"12":{"start":{"line":34,"column":0},"end":{"line":34,"column":23}},"13":{"start":{"line":39,"column":0},"end":{"line":39,"column":62}},"14":{"start":{"line":45,"column":0},"end":{"line":45,"column":36}},"15":{"start":{"line":51,"column":0},"end":{"line":51,"column":39}},"16":{"start":{"line":57,"column":0},"end":{"line":57,"column":46}},"17":{"start":{"line":62,"column":0},"end":{"line":64,"column":5}},"18":{"start":{"line":63,"column":4},"end":{"line":63,"column":42}},"19":{"start":{"line":66,"column":0},"end":{"line":66,"column":19}}},"fnMap":{"0":{"name":"(anonymous_10)","decl":{"start":{"line":62,"column":13},"end":{"line":62,"column":14}},"loc":{"start":{"line":62,"column":45},"end":{"line":64,"column":3}}}},"branchMap":{},"s":{"0":3,"1":3,"2":3,"3":3,"4":3,"5":3,"6":3,"7":3,"8":3,"9":3,"10":3,"11":3,"12":3,"13":3,"14":3,"15":3,"16":3,"17":3,"18":0,"19":3},"f":{"0":0},"b":{}}
,"C:\\Users\\aakas\\OneDrive - Red River College Polytech\\Desktop\\rrc_polytech\\Term_3\\Back_End_Development\\Assignments\\Aakash_0405969_stocktrack-api\\src\\swagger.ts": {"path":"C:\\Users\\aakas\\OneDrive - Red River College Polytech\\Desktop\\rrc_polytech\\Term_3\\Back_End_Development\\Assignments\\Aakash_0405969_stocktrack-api\\src\\swagger.ts","statementMap":{"0":{"start":{"line":6,"column":0},"end":{"line":6,"column":54}},"1":{"start":{"line":7,"column":0},"end":{"line":7,"column":7}},"2":{"start":{"line":30,"column":16},"end":{"line":7,"column":43}},"3":{"start":{"line":14,"column":25},"end":{"line":24,"column":2}},"4":{"start":{"line":27,"column":47},"end":{"line":27,"column":68}},"5":{"start":{"line":30,"column":9},"end":{"line":30,"column":14}}},"fnMap":{},"branchMap":{},"s":{"0":3,"1":3,"2":3,"3":3,"4":3,"5":3},"f":{},"b":{}}
,"C:\\Users\\aakas\\OneDrive - Red River College Polytech\\Desktop\\rrc_polytech\\Term_3\\Back_End_Development\\Assignments\\Aakash_0405969_stocktrack-api\\src\\api\\v1\\controllers\\authController.ts": {"path":"C:\\Users\\aakas\\OneDrive - Red River College Polytech\\Desktop\\rrc_polytech\\Term_3\\Back_End_Development\\Assignments\\Aakash_0405969_stocktrack-api\\src\\api\\v1\\controllers\\authController.ts","statementMap":{"0":{"start":{"line":2,"column":0},"end":{"line":2,"column":45}},"1":{"start":{"line":3,"column":0},"end":{"line":3,"column":26}},"2":{"start":{"line":18,"column":28},"end":{"line":33,"column":2}},"3":{"start":{"line":21,"column":19},"end":{"line":33,"column":2}},"4":{"start":{"line":22,"column":30},"end":{"line":22,"column":38}},"5":{"start":{"line":23,"column":2},"end":{"line":32,"column":3}},"6":{"start":{"line":24,"column":40},"end":{"line":24,"column":90}},"7":{"start":{"line":25,"column":4},"end":{"line":25,"column":63}},"8":{"start":{"line":27,"column":4},"end":{"line":31,"column":5}},"9":{"start":{"line":28,"column":6},"end":{"line":28,"column":85}},"10":{"start":{"line":30,"column":6},"end":{"line":30,"column":87}},"11":{"start":{"line":18,"column":13},"end":{"line":18,"column":28}},"12":{"start":{"line":57,"column":25},"end":{"line":76,"column":2}},"13":{"start":{"line":60,"column":19},"end":{"line":76,"column":2}},"14":{"start":{"line":61,"column":30},"end":{"line":61,"column":38}},"15":{"start":{"line":63,"column":2},"end":{"line":75,"column":3}},"16":{"start":{"line":64,"column":52},"end":{"line":66,"column":null}},"17":{"start":{"line":68,"column":4},"end":{"line":68,"column":26}},"18":{"start":{"line":70,"column":4},"end":{"line":74,"column":5}},"19":{"start":{"line":71,"column":6},"end":{"line":71,"column":85}},"20":{"start":{"line":73,"column":6},"end":{"line":73,"column":87}},"21":{"start":{"line":57,"column":13},"end":{"line":57,"column":25}},"22":{"start":{"line":85,"column":27},"end":{"line":100,"column":2}},"23":{"start":{"line":88,"column":19},"end":{"line":100,"column":2}},"24":{"start":{"line":89,"column":24},"end":{"line":89,"column":32}},"25":{"start":{"line":90,"column":2},"end":{"line":99,"column":3}},"26":{"start":{"line":91,"column":4},"end":{"line":91,"column":58}},"27":{"start":{"line":92,"column":4},"end":{"line":92,"column":76}},"28":{"start":{"line":94,"column":4},"end":{"line":98,"column":5}},"29":{"start":{"line":95,"column":6},"end":{"line":95,"column":89}},"30":{"start":{"line":97,"column":6},"end":{"line":97,"column":91}},"31":{"start":{"line":85,"column":13},"end":{"line":85,"column":27}},"32":{"start":{"line":109,"column":25},"end":{"line":129,"column":2}},"33":{"start":{"line":112,"column":19},"end":{"line":129,"column":2}},"34":{"start":{"line":113,"column":2},"end":{"line":128,"column":3}},"35":{"start":{"line":114,"column":28},"end":{"line":114,"column":58}},"36":{"start":{"line":115,"column":18},"end":{"line":120,"column":7}},"37":{"start":{"line":115,"column":55},"end":{"line":120,"column":6}},"38":{"start":{"line":121,"column":4},"end":{"line":121,"column":36}},"39":{"start":{"line":123,"column":4},"end":{"line":127,"column":5}},"40":{"start":{"line":124,"column":6},"end":{"line":124,"column":86}},"41":{"start":{"line":126,"column":6},"end":{"line":126,"column":88}},"42":{"start":{"line":109,"column":13},"end":{"line":109,"column":25}},"43":{"start":{"line":138,"column":27},"end":{"line":158,"column":2}},"44":{"start":{"line":141,"column":19},"end":{"line":158,"column":2}},"45":{"start":{"line":142,"column":17},"end":{"line":142,"column":27}},"46":{"start":{"line":143,"column":2},"end":{"line":157,"column":3}},"47":{"start":{"line":144,"column":17},"end":{"line":144,"column":47}},"48":{"start":{"line":145,"column":4},"end":{"line":150,"column":7}},"49":{"start":{"line":152,"column":4},"end":{"line":156,"column":5}},"50":{"start":{"line":153,"column":6},"end":{"line":153,"column":80}},"51":{"start":{"line":155,"column":6},"end":{"line":155,"column":82}},"52":{"start":{"line":138,"column":13},"end":{"line":138,"column":27}}},"fnMap":{"0":{"name":"(anonymous_8)","decl":{"start":{"line":18,"column":28},"end":{"line":18,"column":null}},"loc":{"start":{"line":21,"column":19},"end":{"line":33,"column":2}}},"1":{"name":"(anonymous_9)","decl":{"start":{"line":21,"column":19},"end":{"line":21,"column":null}},"loc":{"start":{"line":21,"column":19},"end":{"line":33,"column":1}}},"2":{"name":"(anonymous_10)","decl":{"start":{"line":57,"column":25},"end":{"line":57,"column":null}},"loc":{"start":{"line":60,"column":19},"end":{"line":76,"column":2}}},"3":{"name":"(anonymous_11)","decl":{"start":{"line":60,"column":19},"end":{"line":60,"column":null}},"loc":{"start":{"line":60,"column":19},"end":{"line":76,"column":1}}},"4":{"name":"(anonymous_12)","decl":{"start":{"line":85,"column":27},"end":{"line":85,"column":null}},"loc":{"start":{"line":88,"column":19},"end":{"line":100,"column":2}}},"5":{"name":"(anonymous_13)","decl":{"start":{"line":88,"column":19},"end":{"line":88,"column":null}},"loc":{"start":{"line":88,"column":19},"end":{"line":100,"column":1}}},"6":{"name":"(anonymous_14)","decl":{"start":{"line":109,"column":25},"end":{"line":109,"column":null}},"loc":{"start":{"line":112,"column":19},"end":{"line":129,"column":2}}},"7":{"name":"(anonymous_15)","decl":{"start":{"line":112,"column":19},"end":{"line":112,"column":null}},"loc":{"start":{"line":112,"column":19},"end":{"line":129,"column":1}}},"8":{"name":"(anonymous_16)","decl":{"start":{"line":115,"column":44},"end":{"line":115,"column":45}},"loc":{"start":{"line":115,"column":55},"end":{"line":120,"column":6}}},"9":{"name":"(anonymous_17)","decl":{"start":{"line":138,"column":27},"end":{"line":138,"column":null}},"loc":{"start":{"line":141,"column":19},"end":{"line":158,"column":2}}},"10":{"name":"(anonymous_18)","decl":{"start":{"line":141,"column":19},"end":{"line":141,"column":null}},"loc":{"start":{"line":141,"column":19},"end":{"line":158,"column":1}}}},"branchMap":{"0":{"loc":{"start":{"line":27,"column":4},"end":{"line":31,"column":5}},"type":"if","locations":[{"start":{"line":27,"column":4},"end":{"line":31,"column":5}},{"start":{"line":29,"column":11},"end":{"line":31,"column":5}}]},"1":{"loc":{"start":{"line":70,"column":4},"end":{"line":74,"column":5}},"type":"if","locations":[{"start":{"line":70,"column":4},"end":{"line":74,"column":5}},{"start":{"line":72,"column":11},"end":{"line":74,"column":5}}]},"2":{"loc":{"start":{"line":94,"column":4},"end":{"line":98,"column":5}},"type":"if","locations":[{"start":{"line":94,"column":4},"end":{"line":98,"column":5}},{"start":{"line":96,"column":11},"end":{"line":98,"column":5}}]},"3":{"loc":{"start":{"line":119,"column":20},"end":{"line":119,"column":43}},"type":"binary-expr","locations":[{"start":{"line":119,"column":20},"end":{"line":119,"column":37}},{"start":{"line":119,"column":41},"end":{"line":119,"column":43}}]},"4":{"loc":{"start":{"line":123,"column":4},"end":{"line":127,"column":5}},"type":"if","locations":[{"start":{"line":123,"column":4},"end":{"line":127,"column":5}},{"start":{"line":125,"column":11},"end":{"line":127,"column":5}}]},"5":{"loc":{"start":{"line":149,"column":20},"end":{"line":149,"column":43}},"type":"binary-expr","locations":[{"start":{"line":149,"column":20},"end":{"line":149,"column":37}},{"start":{"line":149,"column":41},"end":{"line":149,"column":43}}]},"6":{"loc":{"start":{"line":152,"column":4},"end":{"line":156,"column":5}},"type":"if","locations":[{"start":{"line":152,"column":4},"end":{"line":156,"column":5}},{"start":{"line":154,"column":11},"end":{"line":156,"column":5}}]}},"s":{"0":3,"1":3,"2":3,"3":3,"4":3,"5":3,"6":3,"7":1,"8":2,"9":2,"10":0,"11":3,"12":3,"13":3,"14":3,"15":3,"16":3,"17":1,"18":2,"19":2,"20":0,"21":3,"22":3,"23":2,"24":2,"25":2,"26":2,"27":1,"28":1,"29":1,"30":0,"31":3,"32":3,"33":2,"34":2,"35":2,"36":1,"37":1,"38":1,"39":1,"40":1,"41":0,"42":3,"43":3,"44":2,"45":2,"46":2,"47":2,"48":1,"49":1,"50":1,"51":0,"52":3},"f":{"0":3,"1":3,"2":3,"3":3,"4":2,"5":2,"6":2,"7":2,"8":1,"9":2,"10":2},"b":{"0":[2,0],"1":[2,0],"2":[1,0],"3":[1,0],"4":[1,0],"5":[1,0],"6":[1,0]}}
,"C:\\Users\\aakas\\OneDrive - Red River College Polytech\\Desktop\\rrc_polytech\\Term_3\\Back_End_Development\\Assignments\\Aakash_0405969_stocktrack-api\\src\\api\\v1\\controllers\\portfolioController.ts": {"path":"C:\\Users\\aakas\\OneDrive - Red River College Polytech\\Desktop\\rrc_polytech\\Term_3\\Back_End_Development\\Assignments\\Aakash_0405969_stocktrack-api\\src\\api\\v1\\controllers\\portfolioController.ts","statementMap":{"0":{"start":{"line":2,"column":0},"end":{"line":2,"column":45}},"1":{"start":{"line":18,"column":35},"end":{"line":38,"column":2}},"2":{"start":{"line":18,"column":88},"end":{"line":38,"column":2}},"3":{"start":{"line":19,"column":2},"end":{"line":37,"column":3}},"4":{"start":{"line":20,"column":50},"end":{"line":20,"column":null}},"5":{"start":{"line":26,"column":44},"end":{"line":26,"column":61}},"6":{"start":{"line":28,"column":4},"end":{"line":32,"column":7}},"7":{"start":{"line":34,"column":4},"end":{"line":34,"column":66}},"8":{"start":{"line":36,"column":4},"end":{"line":36,"column":59}},"9":{"start":{"line":18,"column":13},"end":{"line":18,"column":35}}},"fnMap":{"0":{"name":"(anonymous_8)","decl":{"start":{"line":18,"column":35},"end":{"line":18,"column":42}},"loc":{"start":{"line":18,"column":88},"end":{"line":38,"column":2}}},"1":{"name":"(anonymous_9)","decl":{"start":{"line":18,"column":88},"end":{"line":18,"column":null}},"loc":{"start":{"line":18,"column":88},"end":{"line":38,"column":1}}}},"branchMap":{},"s":{"0":3,"1":3,"2":4,"3":4,"4":4,"5":4,"6":4,"7":1,"8":3,"9":3},"f":{"0":4,"1":4},"b":{}}
,"C:\\Users\\aakas\\OneDrive - Red River College Polytech\\Desktop\\rrc_polytech\\Term_3\\Back_End_Development\\Assignments\\Aakash_0405969_stocktrack-api\\src\\api\\v1\\controllers\\stockController.ts": {"path":"C:\\Users\\aakas\\OneDrive - Red River College Polytech\\Desktop\\rrc_polytech\\Term_3\\Back_End_Development\\Assignments\\Aakash_0405969_stocktrack-api\\src\\api\\v1\\controllers\\stockController.ts","statementMap":{"0":{"start":{"line":10,"column":28},"end":{"line":25,"column":1}},"1":{"start":{"line":11,"column":21},"end":{"line":11,"column":31}},"2":{"start":{"line":13,"column":2},"end":{"line":24,"column":3}},"3":{"start":{"line":14,"column":30},"end":{"line":14,"column":69}},"4":{"start":{"line":16,"column":4},"end":{"line":21,"column":7}},"5":{"start":{"line":23,"column":4},"end":{"line":23,"column":66}},"6":{"start":{"line":10,"column":13},"end":{"line":10,"column":28}},"7":{"start":{"line":34,"column":31},"end":{"line":55,"column":1}},"8":{"start":{"line":35,"column":21},"end":{"line":35,"column":31}},"9":{"start":{"line":37,"column":2},"end":{"line":54,"column":3}},"10":{"start":{"line":38,"column":4},"end":{"line":40,"column":5}},"11":{"start":{"line":39,"column":6},"end":{"line":39,"column":41}},"12":{"start":{"line":42,"column":59},"end":{"line":46,"column":6}},"13":{"start":{"line":48,"column":4},"end":{"line":51,"column":7}},"14":{"start":{"line":53,"column":4},"end":{"line":53,"column":69}},"15":{"start":{"line":34,"column":13},"end":{"line":34,"column":31}},"16":{"start":{"line":64,"column":28},"end":{"line":94,"column":1}},"17":{"start":{"line":65,"column":21},"end":{"line":65,"column":31}},"18":{"start":{"line":67,"column":2},"end":{"line":93,"column":3}},"19":{"start":{"line":68,"column":4},"end":{"line":70,"column":5}},"20":{"start":{"line":69,"column":6},"end":{"line":69,"column":41}},"21":{"start":{"line":72,"column":85},"end":{"line":85,"column":6}},"22":{"start":{"line":87,"column":4},"end":{"line":90,"column":7}},"23":{"start":{"line":92,"column":4},"end":{"line":92,"column":66}},"24":{"start":{"line":64,"column":13},"end":{"line":64,"column":28}}},"fnMap":{"0":{"name":"(anonymous_0)","decl":{"start":{"line":10,"column":28},"end":{"line":10,"column":29}},"loc":{"start":{"line":10,"column":86},"end":{"line":25,"column":1}}},"1":{"name":"(anonymous_1)","decl":{"start":{"line":34,"column":31},"end":{"line":34,"column":32}},"loc":{"start":{"line":34,"column":89},"end":{"line":55,"column":1}}},"2":{"name":"(anonymous_2)","decl":{"start":{"line":64,"column":28},"end":{"line":64,"column":29}},"loc":{"start":{"line":64,"column":86},"end":{"line":94,"column":1}}}},"branchMap":{"0":{"loc":{"start":{"line":38,"column":4},"end":{"line":40,"column":5}},"type":"if","locations":[{"start":{"line":38,"column":4},"end":{"line":40,"column":5}}]},"1":{"loc":{"start":{"line":68,"column":4},"end":{"line":70,"column":5}},"type":"if","locations":[{"start":{"line":68,"column":4},"end":{"line":70,"column":5}}]}},"s":{"0":3,"1":3,"2":3,"3":3,"4":2,"5":1,"6":3,"7":3,"8":4,"9":4,"10":4,"11":2,"12":2,"13":2,"14":2,"15":3,"16":3,"17":4,"18":4,"19":4,"20":2,"21":2,"22":2,"23":2,"24":3},"f":{"0":3,"1":4,"2":4},"b":{"0":[2],"1":[2]}}
,"C:\\Users\\aakas\\OneDrive - Red River College Polytech\\Desktop\\rrc_polytech\\Term_3\\Back_End_Development\\Assignments\\Aakash_0405969_stocktrack-api\\src\\api\\v1\\routes\\auth.ts": {"path":"C:\\Users\\aakas\\OneDrive - Red River College Polytech\\Desktop\\rrc_polytech\\Term_3\\Back_End_Development\\Assignments\\Aakash_0405969_stocktrack-api\\src\\api\\v1\\routes\\auth.ts","statementMap":{"0":{"start":{"line":1,"column":0},"end":{"line":1,"column":33}},"1":{"start":{"line":2,"column":0},"end":{"line":2,"column":109}},"2":{"start":{"line":3,"column":0},"end":{"line":3,"column":73}},"3":{"start":{"line":5,"column":23},"end":{"line":5,"column":31}},"4":{"start":{"line":66,"column":0},"end":{"line":66,"column":39}},"5":{"start":{"line":117,"column":0},"end":{"line":117,"column":33}},"6":{"start":{"line":155,"column":0},"end":{"line":155,"column":61}},"7":{"start":{"line":176,"column":0},"end":{"line":176,"column":55}},"8":{"start":{"line":204,"column":0},"end":{"line":204,"column":57}},"9":{"start":{"line":205,"column":0},"end":{"line":205,"column":22}}},"fnMap":{},"branchMap":{},"s":{"0":3,"1":3,"2":3,"3":3,"4":3,"5":3,"6":3,"7":3,"8":3,"9":3},"f":{},"b":{}}
,"C:\\Users\\aakas\\OneDrive - Red River College Polytech\\Desktop\\rrc_polytech\\Term_3\\Back_End_Development\\Assignments\\Aakash_0405969_stocktrack-api\\src\\api\\v1\\routes\\portfolio.ts": {"path":"C:\\Users\\aakas\\OneDrive - Red River College Polytech\\Desktop\\rrc_polytech\\Term_3\\Back_End_Development\\Assignments\\Aakash_0405969_stocktrack-api\\src\\api\\v1\\routes\\portfolio.ts","statementMap":{"0":{"start":{"line":1,"column":0},"end":{"line":1,"column":33}},"1":{"start":{"line":2,"column":0},"end":{"line":2,"column":73}},"2":{"start":{"line":4,"column":23},"end":{"line":4,"column":31}},"3":{"start":{"line":60,"column":0},"end":{"line":60,"column":47}},"4":{"start":{"line":62,"column":0},"end":{"line":62,"column":22}}},"fnMap":{},"branchMap":{},"s":{"0":3,"1":3,"2":3,"3":3,"4":3},"f":{},"b":{}}
,"C:\\Users\\aakas\\OneDrive - Red River College Polytech\\Desktop\\rrc_polytech\\Term_3\\Back_End_Development\\Assignments\\Aakash_0405969_stocktrack-api\\src\\api\\v1\\routes\\stock.ts": {"path":"C:\\Users\\aakas\\OneDrive - Red River College Polytech\\Desktop\\rrc_polytech\\Term_3\\Back_End_Development\\Assignments\\Aakash_0405969_stocktrack-api\\src\\api\\v1\\routes\\stock.ts","statementMap":{"0":{"start":{"line":1,"column":0},"end":{"line":1,"column":33}},"1":{"start":{"line":2,"column":0},"end":{"line":2,"column":93}},"2":{"start":{"line":4,"column":23},"end":{"line":4,"column":31}},"3":{"start":{"line":54,"column":0},"end":{"line":54,"column":37}},"4":{"start":{"line":105,"column":0},"end":{"line":105,"column":48}},"5":{"start":{"line":161,"column":0},"end":{"line":161,"column":42}},"6":{"start":{"line":163,"column":0},"end":{"line":163,"column":22}}},"fnMap":{},"branchMap":{},"s":{"0":3,"1":3,"2":3,"3":3,"4":3,"5":3,"6":3},"f":{},"b":{}}
,"C:\\Users\\aakas\\OneDrive - Red River College Polytech\\Desktop\\rrc_polytech\\Term_3\\Back_End_Development\\Assignments\\Aakash_0405969_stocktrack-api\\src\\config\\firebase.ts": {"path":"C:\\Users\\aakas\\OneDrive - Red River College Polytech\\Desktop\\rrc_polytech\\Term_3\\Back_End_Development\\Assignments\\Aakash_0405969_stocktrack-api\\src\\config\\firebase.ts","statementMap":{"0":{"start":{"line":8,"column":0},"end":{"line":8,"column":33}},"1":{"start":{"line":9,"column":0},"end":{"line":9,"column":35}},"2":{"start":{"line":12,"column":0},"end":{"line":12,"column":20}},"3":{"start":{"line":15,"column":0},"end":{"line":15,"column":16}},"4":{"start":{"line":26,"column":0},"end":{"line":49,"column":1}},"5":{"start":{"line":27,"column":2},"end":{"line":38,"column":3}},"6":{"start":{"line":28,"column":28},"end":{"line":28,"column":80}},"7":{"start":{"line":29,"column":4},"end":{"line":33,"column":5}},"8":{"start":{"line":30,"column":6},"end":{"line":30,"column":48}},"9":{"start":{"line":32,"column":6},"end":{"line":32,"column":70}},"10":{"start":{"line":36,"column":6},"end":{"line":36,"column":60}},"11":{"start":{"line":37,"column":4},"end":{"line":37,"column":80}},"12":{"start":{"line":40,"column":23},"end":{"line":40,"column":70}},"13":{"start":{"line":41,"column":25},"end":{"line":41,"column":55}},"14":{"start":{"line":42,"column":29},"end":{"line":42,"column":47}},"15":{"start":{"line":44,"column":2},"end":{"line":48,"column":3}},"16":{"start":{"line":45,"column":4},"end":{"line":45,"column":49}},"17":{"start":{"line":47,"column":4},"end":{"line":47,"column":64}},"18":{"start":{"line":54,"column":0},"end":{"line":56,"column":3}},"19":{"start":{"line":63,"column":13},"end":{"line":63,"column":47}},"20":{"start":{"line":69,"column":0},"end":{"line":69,"column":21}}},"fnMap":{},"branchMap":{"0":{"loc":{"start":{"line":26,"column":0},"end":{"line":49,"column":1}},"type":"if","locations":[{"start":{"line":26,"column":0},"end":{"line":49,"column":1}},{"start":{"line":39,"column":7},"end":{"line":49,"column":1}}]},"1":{"loc":{"start":{"line":29,"column":4},"end":{"line":33,"column":5}},"type":"if","locations":[{"start":{"line":29,"column":4},"end":{"line":33,"column":5}},{"start":{"line":31,"column":11},"end":{"line":33,"column":5}}]},"2":{"loc":{"start":{"line":29,"column":8},"end":{"line":29,"column":53}},"type":"binary-expr","locations":[{"start":{"line":29,"column":8},"end":{"line":29,"column":34}},{"start":{"line":29,"column":38},"end":{"line":29,"column":53}}]},"3":{"loc":{"start":{"line":36,"column":6},"end":{"line":36,"column":60}},"type":"cond-expr","locations":[{"start":{"line":36,"column":31},"end":{"line":36,"column":44}},{"start":{"line":36,"column":47},"end":{"line":36,"column":60}}]},"4":{"loc":{"start":{"line":44,"column":2},"end":{"line":48,"column":3}},"type":"if","locations":[{"start":{"line":44,"column":2},"end":{"line":48,"column":3}},{"start":{"line":46,"column":9},"end":{"line":48,"column":3}}]},"5":{"loc":{"start":{"line":44,"column":6},"end":{"line":44,"column":57}},"type":"binary-expr","locations":[{"start":{"line":44,"column":6},"end":{"line":44,"column":35}},{"start":{"line":44,"column":39},"end":{"line":44,"column":57}}]}},"s":{"0":1,"1":1,"2":1,"3":1,"4":1,"5":0,"6":0,"7":0,"8":0,"9":0,"10":0,"11":0,"12":1,"13":1,"14":1,"15":1,"16":1,"17":0,"18":1,"19":1,"20":1},"f":{},"b":{"0":[0,1],"1":[0,0],"2":[0,0],"3":[0,0],"4":[1,0],"5":[1,1]}}
,"C:\\Users\\aakas\\OneDrive - Red River College Polytech\\Desktop\\rrc_polytech\\Term_3\\Back_End_Development\\Assignments\\Aakash_0405969_stocktrack-api\\src\\middleware\\auth.ts": {"path":"C:\\Users\\aakas\\OneDrive - Red River College Polytech\\Desktop\\rrc_polytech\\Term_3\\Back_End_Development\\Assignments\\Aakash_0405969_stocktrack-api\\src\\middleware\\auth.ts","statementMap":{"0":{"start":{"line":2,"column":0},"end":{"line":2,"column":39}},"1":{"start":{"line":27,"column":26},"end":{"line":52,"column":2}},"2":{"start":{"line":27,"column":54},"end":{"line":52,"column":2}},"3":{"start":{"line":31,"column":19},"end":{"line":52,"column":2}},"4":{"start":{"line":32,"column":36},"end":{"line":32,"column":82}},"5":{"start":{"line":33,"column":2},"end":{"line":36,"column":3}},"6":{"start":{"line":34,"column":4},"end":{"line":34,"column":53}},"7":{"start":{"line":35,"column":4},"end":{"line":35,"column":11}},"8":{"start":{"line":38,"column":2},"end":{"line":51,"column":3}},"9":{"start":{"line":39,"column":47},"end":{"line":39,"column":86}},"10":{"start":{"line":40,"column":21},"end":{"line":40,"column":73}},"11":{"start":{"line":42,"column":4},"end":{"line":45,"column":5}},"12":{"start":{"line":43,"column":6},"end":{"line":43,"column":70}},"13":{"start":{"line":44,"column":6},"end":{"line":44,"column":13}},"14":{"start":{"line":47,"column":4},"end":{"line":47,"column":23}},"15":{"start":{"line":48,"column":4},"end":{"line":48,"column":11}},"16":{"start":{"line":50,"column":4},"end":{"line":50,"column":53}},"17":{"start":{"line":27,"column":13},"end":{"line":27,"column":26}},"18":{"start":{"line":61,"column":33},"end":{"line":87,"column":2}},"19":{"start":{"line":65,"column":19},"end":{"line":87,"column":2}},"20":{"start":{"line":66,"column":36},"end":{"line":66,"column":82}},"21":{"start":{"line":67,"column":2},"end":{"line":70,"column":3}},"22":{"start":{"line":68,"column":4},"end":{"line":68,"column":53}},"23":{"start":{"line":69,"column":4},"end":{"line":69,"column":11}},"24":{"start":{"line":72,"column":2},"end":{"line":86,"column":3}},"25":{"start":{"line":73,"column":47},"end":{"line":73,"column":86}},"26":{"start":{"line":74,"column":21},"end":{"line":74,"column":73}},"27":{"start":{"line":75,"column":19},"end":{"line":75,"column":32}},"28":{"start":{"line":77,"column":4},"end":{"line":80,"column":5}},"29":{"start":{"line":78,"column":6},"end":{"line":78,"column":71}},"30":{"start":{"line":79,"column":6},"end":{"line":79,"column":13}},"31":{"start":{"line":82,"column":4},"end":{"line":82,"column":23}},"32":{"start":{"line":83,"column":4},"end":{"line":83,"column":11}},"33":{"start":{"line":85,"column":4},"end":{"line":85,"column":53}},"34":{"start":{"line":61,"column":13},"end":{"line":61,"column":33}}},"fnMap":{"0":{"name":"(anonymous_8)","decl":{"start":{"line":27,"column":26},"end":{"line":27,"column":27}},"loc":{"start":{"line":27,"column":54},"end":{"line":52,"column":2}}},"1":{"name":"(anonymous_9)","decl":{"start":{"line":27,"column":54},"end":{"line":27,"column":null}},"loc":{"start":{"line":31,"column":19},"end":{"line":52,"column":2}}},"2":{"name":"(anonymous_10)","decl":{"start":{"line":31,"column":19},"end":{"line":31,"column":null}},"loc":{"start":{"line":31,"column":19},"end":{"line":52,"column":1}}},"3":{"name":"(anonymous_11)","decl":{"start":{"line":61,"column":33},"end":{"line":61,"column":null}},"loc":{"start":{"line":65,"column":19},"end":{"line":87,"column":2}}},"4":{"name":"(anonymous_12)","decl":{"start":{"line":65,"column":19},"end":{"line":65,"column":null}},"loc":{"start":{"line":65,"column":19},"end":{"line":87,"column":1}}}},"branchMap":{"0":{"loc":{"start":{"line":32,"column":36},"end":{"line":32,"column":82}},"type":"cond-expr","locations":[{"start":{"line":32,"column":61},"end":{"line":32,"column":63}},{"start":{"line":32,"column":61},"end":{"line":32,"column":82}}]},"1":{"loc":{"start":{"line":32,"column":36},"end":{"line":32,"column":63}},"type":"binary-expr","locations":[{"start":{"line":32,"column":36},"end":{"line":32,"column":63}},{"start":{"line":32,"column":61},"end":{"line":32,"column":63}}]},"2":{"loc":{"start":{"line":33,"column":2},"end":{"line":36,"column":3}},"type":"if","locations":[{"start":{"line":33,"column":2},"end":{"line":36,"column":3}}]},"3":{"loc":{"start":{"line":40,"column":21},"end":{"line":40,"column":73}},"type":"binary-expr","locations":[{"start":{"line":40,"column":21},"end":{"line":40,"column":33}},{"start":{"line":40,"column":37},"end":{"line":40,"column":72}}]},"4":{"loc":{"start":{"line":40,"column":37},"end":{"line":40,"column":72}},"type":"cond-expr","locations":[{"start":{"line":40,"column":66},"end":{"line":40,"column":68}},{"start":{"line":40,"column":66},"end":{"line":40,"column":72}}]},"5":{"loc":{"start":{"line":40,"column":37},"end":{"line":40,"column":68}},"type":"binary-expr","locations":[{"start":{"line":40,"column":37},"end":{"line":40,"column":68}},{"start":{"line":40,"column":66},"end":{"line":40,"column":68}}]},"6":{"loc":{"start":{"line":42,"column":4},"end":{"line":45,"column":5}},"type":"if","locations":[{"start":{"line":42,"column":4},"end":{"line":45,"column":5}}]},"7":{"loc":{"start":{"line":42,"column":8},"end":{"line":42,"column":53}},"type":"binary-expr","locations":[{"start":{"line":42,"column":8},"end":{"line":42,"column":17}},{"start":{"line":42,"column":21},"end":{"line":42,"column":53}}]},"8":{"loc":{"start":{"line":66,"column":36},"end":{"line":66,"column":82}},"type":"cond-expr","locations":[{"start":{"line":66,"column":61},"end":{"line":66,"column":63}},{"start":{"line":66,"column":61},"end":{"line":66,"column":82}}]},"9":{"loc":{"start":{"line":66,"column":36},"end":{"line":66,"column":63}},"type":"binary-expr","locations":[{"start":{"line":66,"column":36},"end":{"line":66,"column":63}},{"start":{"line":66,"column":61},"end":{"line":66,"column":63}}]},"10":{"loc":{"start":{"line":67,"column":2},"end":{"line":70,"column":3}},"type":"if","locations":[{"start":{"line":67,"column":2},"end":{"line":70,"column":3}}]},"11":{"loc":{"start":{"line":74,"column":21},"end":{"line":74,"column":73}},"type":"binary-expr","locations":[{"start":{"line":74,"column":21},"end":{"line":74,"column":33}},{"start":{"line":74,"column":37},"end":{"line":74,"column":72}}]},"12":{"loc":{"start":{"line":74,"column":37},"end":{"line":74,"column":72}},"type":"cond-expr","locations":[{"start":{"line":74,"column":66},"end":{"line":74,"column":68}},{"start":{"line":74,"column":66},"end":{"line":74,"column":72}}]},"13":{"loc":{"start":{"line":74,"column":37},"end":{"line":74,"column":68}},"type":"binary-expr","locations":[{"start":{"line":74,"column":37},"end":{"line":74,"column":68}},{"start":{"line":74,"column":66},"end":{"line":74,"column":68}}]},"14":{"loc":{"start":{"line":77,"column":4},"end":{"line":80,"column":5}},"type":"if","locations":[{"start":{"line":77,"column":4},"end":{"line":80,"column":5}}]},"15":{"loc":{"start":{"line":77,"column":8},"end":{"line":77,"column":54}},"type":"binary-expr","locations":[{"start":{"line":77,"column":8},"end":{"line":77,"column":30}},{"start":{"line":77,"column":34},"end":{"line":77,"column":54}}]}},"s":{"0":4,"1":4,"2":9,"3":6,"4":6,"5":6,"6":1,"7":1,"8":5,"9":5,"10":4,"11":4,"12":2,"13":2,"14":2,"15":2,"16":1,"17":4,"18":4,"19":0,"20":0,"21":0,"22":0,"23":0,"24":0,"25":0,"26":0,"27":0,"28":0,"29":0,"30":0,"31":0,"32":0,"33":0,"34":4},"f":{"0":9,"1":6,"2":6,"3":0,"4":0},"b":{"0":[1,5],"1":[6,6],"2":[1],"3":[4,0],"4":[0,0],"5":[0,0],"6":[2],"7":[4,4],"8":[0,0],"9":[0,0],"10":[0],"11":[0,0],"12":[0,0],"13":[0,0],"14":[0],"15":[0,0]}}
}
