TN:
SF:src\app.ts
FN:69,(anonymous_10)
FNF:1
FNH:0
FNDA:0,(anonymous_10)
DA:1,4
DA:2,4
DA:3,4
DA:4,4
DA:6,4
DA:7,4
DA:8,4
DA:9,4
DA:10,4
DA:15,4
DA:20,4
DA:25,4
DA:30,4
DA:35,4
DA:40,4
DA:46,4
DA:52,4
DA:58,4
DA:64,4
DA:69,4
DA:70,0
DA:73,4
LF:22
LH:21
BRF:0
BRH:0
end_of_record
TN:
SF:src\swagger.ts
FNF:0
FNH:0
DA:6,4
DA:7,4
DA:14,4
DA:27,4
DA:30,4
LF:5
LH:5
BRF:0
BRH:0
end_of_record
TN:
SF:src\api\v1\controllers\analytics.controller.ts
FN:14,(anonymous_8)
FN:14,(anonymous_9)
FN:19,(anonymous_10)
FN:37,(anonymous_11)
FN:37,(anonymous_12)
FN:65,(anonymous_13)
FN:65,(anonymous_14)
FN:91,(anonymous_15)
FN:91,(anonymous_16)
FN:96,(anonymous_17)
FN:114,(anonymous_18)
FN:114,(anonymous_19)
FN:142,(anonymous_20)
FN:142,(anonymous_21)
FNF:14
FNH:14
FNDA:3,(anonymous_8)
FNDA:3,(anonymous_9)
FNDA:2,(anonymous_10)
FNDA:5,(anonymous_11)
FNDA:5,(anonymous_12)
FNDA:2,(anonymous_13)
FNDA:2,(anonymous_14)
FNDA:4,(anonymous_15)
FNDA:4,(anonymous_16)
FNDA:4,(anonymous_17)
FNDA:4,(anonymous_18)
FNDA:4,(anonymous_19)
FNDA:4,(anonymous_20)
FNDA:4,(anonymous_21)
DA:2,4
DA:14,4
DA:15,3
DA:16,3
DA:17,3
DA:19,2
DA:21,2
DA:23,1
DA:37,5
DA:38,5
DA:39,5
DA:40,5
DA:42,5
DA:44,4
DA:45,2
DA:46,2
DA:49,2
DA:51,1
DA:65,4
DA:66,2
DA:67,2
DA:69,2
DA:70,1
DA:72,1
DA:77,1
DA:91,4
DA:92,4
DA:93,4
DA:94,4
DA:96,4
DA:98,2
DA:100,2
DA:114,4
DA:115,4
DA:116,4
DA:117,4
DA:119,4
DA:126,2
DA:128,2
DA:142,4
DA:143,4
DA:144,4
DA:145,4
DA:147,4
DA:149,2
DA:151,2
LF:46
LH:46
BRDA:44,0,0,2
BRF:1
BRH:1
end_of_record
TN:
SF:src\api\v1\controllers\authController.ts
FN:18,(anonymous_8)
FN:21,(anonymous_9)
FN:57,(anonymous_10)
FN:60,(anonymous_11)
FN:85,(anonymous_12)
FN:88,(anonymous_13)
FN:109,(anonymous_14)
FN:112,(anonymous_15)
FN:115,(anonymous_16)
FN:138,(anonymous_17)
FN:141,(anonymous_18)
FNF:11
FNH:11
FNDA:3,(anonymous_8)
FNDA:3,(anonymous_9)
FNDA:3,(anonymous_10)
FNDA:3,(anonymous_11)
FNDA:3,(anonymous_12)
FNDA:3,(anonymous_13)
FNDA:3,(anonymous_14)
FNDA:3,(anonymous_15)
FNDA:2,(anonymous_16)
FNDA:3,(anonymous_17)
FNDA:3,(anonymous_18)
DA:2,4
DA:3,4
DA:18,4
DA:21,3
DA:22,3
DA:23,3
DA:24,3
DA:25,1
DA:27,2
DA:28,2
DA:30,0
DA:57,4
DA:60,3
DA:61,3
DA:63,3
DA:64,3
DA:68,1
DA:70,2
DA:71,2
DA:73,0
DA:85,4
DA:88,3
DA:89,3
DA:90,3
DA:91,3
DA:92,2
DA:94,1
DA:95,1
DA:97,0
DA:109,4
DA:112,3
DA:113,3
DA:114,3
DA:115,2
DA:121,2
DA:123,1
DA:124,1
DA:126,0
DA:138,4
DA:141,3
DA:142,3
DA:143,3
DA:144,3
DA:145,2
DA:152,1
DA:153,1
DA:155,0
LF:47
LH:42
BRDA:27,0,0,2
BRDA:27,0,1,0
BRDA:70,1,0,2
BRDA:70,1,1,0
BRDA:94,2,0,1
BRDA:94,2,1,0
BRDA:119,3,0,2
BRDA:119,3,1,0
BRDA:123,4,0,1
BRDA:123,4,1,0
BRDA:149,5,0,2
BRDA:149,5,1,0
BRDA:152,6,0,1
BRDA:152,6,1,0
BRF:14
BRH:7
end_of_record
TN:
SF:src\api\v1\controllers\portfolioController.ts
FN:18,(anonymous_8)
FN:18,(anonymous_9)
FN:50,(anonymous_10)
FN:50,(anonymous_11)
FN:55,(anonymous_12)
FN:76,(anonymous_13)
FN:76,(anonymous_14)
FN:89,(anonymous_15)
FN:105,(anonymous_16)
FN:105,(anonymous_17)
FN:111,(anonymous_18)
FN:139,(anonymous_19)
FN:139,(anonymous_20)
FN:162,(anonymous_21)
FN:162,(anonymous_22)
FNF:15
FNH:14
FNDA:5,(anonymous_8)
FNDA:5,(anonymous_9)
FNDA:4,(anonymous_10)
FNDA:4,(anonymous_11)
FNDA:2,(anonymous_12)
FNDA:3,(anonymous_13)
FNDA:3,(anonymous_14)
FNDA:0,(anonymous_15)
FNDA:2,(anonymous_16)
FNDA:2,(anonymous_17)
FNDA:2,(anonymous_18)
FNDA:3,(anonymous_19)
FNDA:3,(anonymous_20)
FNDA:3,(anonymous_21)
FNDA:3,(anonymous_22)
DA:2,4
DA:18,5
DA:19,5
DA:20,5
DA:26,5
DA:28,5
DA:34,1
DA:36,4
DA:50,4
DA:51,4
DA:52,4
DA:53,4
DA:55,2
DA:60,2
DA:62,2
DA:76,4
DA:77,3
DA:78,3
DA:79,3
DA:81,3
DA:83,1
DA:84,1
DA:85,1
DA:88,0
DA:89,0
DA:90,0
DA:92,0
DA:94,2
DA:105,4
DA:106,2
DA:107,2
DA:108,2
DA:110,1
DA:111,1
DA:112,2
DA:113,2
DA:117,1
DA:123,1
DA:125,1
DA:139,4
DA:140,3
DA:141,3
DA:142,3
DA:144,3
DA:146,1
DA:148,2
DA:162,4
DA:163,3
DA:164,3
DA:165,3
DA:167,3
DA:169,2
DA:171,1
LF:53
LH:49
BRDA:83,0,0,1
BRF:1
BRH:1
end_of_record
TN:
SF:src\api\v1\controllers\stockController.ts
FN:10,(anonymous_0)
FN:34,(anonymous_1)
FN:64,(anonymous_2)
FN:100,(anonymous_3)
FN:118,(anonymous_4)
FN:130,(anonymous_5)
FN:145,(anonymous_6)
FN:166,(anonymous_7)
FNF:8
FNH:8
FNDA:3,(anonymous_0)
FNDA:4,(anonymous_1)
FNDA:4,(anonymous_2)
FNDA:2,(anonymous_3)
FNDA:3,(anonymous_4)
FNDA:8,(anonymous_5)
FNDA:3,(anonymous_6)
FNDA:3,(anonymous_7)
DA:10,4
DA:11,3
DA:13,3
DA:14,3
DA:16,2
DA:23,1
DA:34,4
DA:35,4
DA:37,4
DA:38,4
DA:39,2
DA:42,2
DA:48,2
DA:53,2
DA:64,4
DA:65,4
DA:67,4
DA:68,4
DA:69,2
DA:72,2
DA:87,2
DA:92,2
DA:100,4
DA:101,2
DA:102,2
DA:108,2
DA:110,0
DA:118,4
DA:119,3
DA:121,3
DA:122,3
DA:129,3
DA:131,8
DA:135,2
DA:137,1
DA:145,4
DA:146,3
DA:148,3
DA:149,3
DA:156,2
DA:158,1
DA:166,4
DA:167,3
DA:168,3
DA:170,3
DA:171,3
DA:172,1
DA:175,3
DA:177,2
DA:182,1
LF:50
LH:49
BRDA:38,0,0,2
BRDA:68,1,0,2
BRDA:119,2,0,0
BRDA:119,2,1,3
BRDA:119,3,0,3
BRDA:119,3,1,3
BRDA:131,4,0,8
BRDA:131,4,1,8
BRDA:131,5,0,8
BRDA:131,5,1,0
BRDA:132,6,0,8
BRDA:132,6,1,0
BRDA:171,7,0,1
BRF:13
BRH:10
end_of_record
TN:
SF:src\api\v1\routes\analytics.ts
FNF:0
FNH:0
DA:1,4
DA:2,4
DA:3,4
DA:5,4
DA:51,4
DA:106,4
DA:156,4
DA:192,4
DA:230,4
DA:257,4
DA:259,4
LF:11
LH:11
BRF:0
BRH:0
end_of_record
TN:
SF:src\api\v1\routes\auth.ts
FNF:0
FNH:0
DA:1,4
DA:2,4
DA:3,4
DA:5,4
DA:66,4
DA:117,4
DA:155,4
DA:176,4
DA:204,4
DA:205,4
LF:10
LH:10
BRF:0
BRH:0
end_of_record
TN:
SF:src\api\v1\routes\portfolio.ts
FNF:0
FNH:0
DA:1,4
DA:2,4
DA:3,4
DA:5,4
DA:61,4
DA:78,4
DA:103,4
DA:120,4
DA:153,4
DA:176,4
DA:178,4
LF:11
LH:11
BRF:0
BRH:0
end_of_record
TN:
SF:src\api\v1\routes\stock.ts
FNF:0
FNH:0
DA:1,4
DA:2,4
DA:3,4
DA:5,4
DA:57,4
DA:113,4
DA:155,4
DA:193,4
DA:242,4
DA:296,4
DA:346,4
DA:348,4
LF:12
LH:12
BRF:0
BRH:0
end_of_record
TN:
SF:src\config\firebase.ts
FNF:0
FNH:0
DA:8,1
DA:9,1
DA:12,1
DA:15,1
DA:26,1
DA:27,0
DA:28,0
DA:29,0
DA:30,0
DA:32,0
DA:36,0
DA:37,0
DA:40,1
DA:41,1
DA:42,1
DA:44,1
DA:45,1
DA:47,0
DA:54,1
DA:63,1
DA:69,1
LF:21
LH:13
BRDA:26,0,0,0
BRDA:26,0,1,1
BRDA:29,1,0,0
BRDA:29,1,1,0
BRDA:29,2,0,0
BRDA:29,2,1,0
BRDA:36,3,0,0
BRDA:36,3,1,0
BRDA:44,4,0,1
BRDA:44,4,1,0
BRDA:44,5,0,1
BRDA:44,5,1,1
BRF:12
BRH:4
end_of_record
TN:
SF:src\middleware\auth.ts
FN:27,(anonymous_8)
FN:27,(anonymous_9)
FN:31,(anonymous_10)
FN:61,(anonymous_11)
FN:65,(anonymous_12)
FNF:5
FNH:5
FNDA:63,(anonymous_8)
FNDA:27,(anonymous_9)
FNDA:27,(anonymous_10)
FNDA:1,(anonymous_11)
FNDA:1,(anonymous_12)
DA:2,5
DA:27,63
DA:31,27
DA:32,27
DA:33,27
DA:34,2
DA:35,2
DA:38,25
DA:39,25
DA:40,24
DA:42,24
DA:43,2
DA:44,2
DA:47,22
DA:48,22
DA:50,1
DA:61,5
DA:65,1
DA:66,1
DA:67,1
DA:68,0
DA:69,0
DA:72,1
DA:73,1
DA:74,1
DA:75,1
DA:77,1
DA:78,0
DA:79,0
DA:82,1
DA:83,1
DA:85,0
LF:32
LH:27
BRDA:32,0,0,2
BRDA:32,0,1,25
BRDA:32,1,0,27
BRDA:32,1,1,27
BRDA:33,2,0,2
BRDA:40,3,0,24
BRDA:40,3,1,0
BRDA:40,4,0,0
BRDA:40,4,1,0
BRDA:40,5,0,0
BRDA:40,5,1,0
BRDA:42,6,0,2
BRDA:42,7,0,24
BRDA:42,7,1,24
BRDA:66,8,0,0
BRDA:66,8,1,1
BRDA:66,9,0,1
BRDA:66,9,1,1
BRDA:67,10,0,0
BRDA:74,11,0,1
BRDA:74,11,1,0
BRDA:74,12,0,0
BRDA:74,12,1,0
BRDA:74,13,0,0
BRDA:74,13,1,0
BRDA:77,14,0,0
BRDA:77,15,0,1
BRDA:77,15,1,1
BRF:28
BRH:15
end_of_record
