TN:
SF:src\app.ts
FN:62,(anonymous_10)
FNF:1
FNH:0
FNDA:0,(anonymous_10)
DA:1,3
DA:2,3
DA:3,3
DA:4,3
DA:6,3
DA:7,3
DA:8,3
DA:9,3
DA:14,3
DA:19,3
DA:24,3
DA:29,3
DA:34,3
DA:39,3
DA:45,3
DA:51,3
DA:57,3
DA:62,3
DA:63,0
DA:66,3
LF:20
LH:19
BRF:0
BRH:0
end_of_record
TN:
SF:src\swagger.ts
FNF:0
FNH:0
DA:6,3
DA:7,3
DA:14,3
DA:27,3
DA:30,3
LF:5
LH:5
BRF:0
BRH:0
end_of_record
TN:
SF:src\api\v1\controllers\authController.ts
FN:18,(anonymous_8)
FN:21,(anonymous_9)
FN:57,(anonymous_10)
FN:60,(anonymous_11)
FNF:4
FNH:4
FNDA:3,(anonymous_8)
FNDA:3,(anonymous_9)
FNDA:3,(anonymous_10)
FNDA:3,(anonymous_11)
DA:2,3
DA:3,3
DA:18,3
DA:21,3
DA:22,3
DA:23,3
DA:24,3
DA:25,1
DA:27,2
DA:28,2
DA:30,0
DA:57,3
DA:60,3
DA:61,3
DA:63,3
DA:64,3
DA:68,1
DA:70,2
DA:71,2
DA:73,0
LF:20
LH:18
BRDA:27,0,0,2
BRDA:27,0,1,0
BRDA:70,1,0,2
BRDA:70,1,1,0
BRF:4
BRH:2
end_of_record
TN:
SF:src\api\v1\controllers\portfolioController.ts
FN:18,(anonymous_8)
FN:18,(anonymous_9)
FNF:2
FNH:2
FNDA:4,(anonymous_8)
FNDA:4,(anonymous_9)
DA:2,3
DA:18,4
DA:19,4
DA:20,4
DA:26,4
DA:28,4
DA:34,1
DA:36,3
LF:8
LH:8
BRF:0
BRH:0
end_of_record
TN:
SF:src\api\v1\controllers\stockController.ts
FN:10,(anonymous_0)
FN:34,(anonymous_1)
FN:64,(anonymous_2)
FNF:3
FNH:3
FNDA:3,(anonymous_0)
FNDA:4,(anonymous_1)
FNDA:4,(anonymous_2)
DA:10,3
DA:11,3
DA:13,3
DA:14,3
DA:16,2
DA:23,1
DA:34,3
DA:35,4
DA:37,4
DA:38,4
DA:39,2
DA:42,2
DA:48,2
DA:53,2
DA:64,3
DA:65,4
DA:67,4
DA:68,4
DA:69,2
DA:72,2
DA:87,2
DA:92,2
LF:22
LH:22
BRDA:38,0,0,2
BRDA:68,1,0,2
BRF:2
BRH:2
end_of_record
TN:
SF:src\api\v1\routes\auth.ts
FNF:0
FNH:0
DA:1,3
DA:2,3
DA:3,3
DA:5,3
DA:66,3
DA:117,3
DA:118,3
LF:7
LH:7
BRF:0
BRH:0
end_of_record
TN:
SF:src\api\v1\routes\portfolio.ts
FNF:0
FNH:0
DA:1,3
DA:2,3
DA:4,3
DA:60,3
DA:62,3
LF:5
LH:5
BRF:0
BRH:0
end_of_record
TN:
SF:src\api\v1\routes\stock.ts
FNF:0
FNH:0
DA:1,3
DA:2,3
DA:4,3
DA:54,3
DA:105,3
DA:161,3
DA:163,3
LF:7
LH:7
BRF:0
BRH:0
end_of_record
TN:
SF:src\config\firebase.ts
FNF:0
FNH:0
DA:8,1
DA:9,1
DA:12,1
DA:15,1
DA:26,1
DA:27,0
DA:28,0
DA:29,0
DA:30,0
DA:32,0
DA:36,0
DA:37,0
DA:40,1
DA:41,1
DA:42,1
DA:44,1
DA:45,1
DA:47,0
DA:54,1
DA:63,1
DA:69,1
LF:21
LH:13
BRDA:26,0,0,0
BRDA:26,0,1,1
BRDA:29,1,0,0
BRDA:29,1,1,0
BRDA:29,2,0,0
BRDA:29,2,1,0
BRDA:36,3,0,0
BRDA:36,3,1,0
BRDA:44,4,0,1
BRDA:44,4,1,0
BRDA:44,5,0,1
BRDA:44,5,1,1
BRF:12
BRH:4
end_of_record
TN:
SF:src\middleware\auth.ts
FN:18,(anonymous_8)
FN:18,(anonymous_9)
FN:22,(anonymous_10)
FNF:3
FNH:3
FNDA:3,(anonymous_8)
FNDA:6,(anonymous_9)
FNDA:6,(anonymous_10)
DA:2,1
DA:18,3
DA:22,6
DA:23,6
DA:24,6
DA:25,1
DA:26,1
DA:29,5
DA:30,5
DA:32,4
DA:33,4
DA:34,2
DA:35,2
DA:38,2
DA:39,2
DA:41,1
LF:16
LH:16
BRDA:23,0,0,1
BRDA:23,0,1,5
BRDA:23,1,0,6
BRDA:23,1,1,6
BRDA:24,2,0,1
BRDA:33,3,0,2
BRDA:33,4,0,4
BRDA:33,4,1,4
BRF:8
BRH:8
end_of_record
